Release 14.7 - xst P.20131013 (nt64)
Copyright (c) 1995-2013 Xilinx, Inc.  All rights reserved.
--> Parameter TMPDIR set to xst/projnav.tmp


Total REAL time to Xst completion: 1.00 secs
Total CPU time to Xst completion: 0.30 secs
 
--> Parameter xsthdpdir set to xst


Total REAL time to Xst completion: 1.00 secs
Total CPU time to Xst completion: 0.30 secs
 
--> Reading design: counter_4_bit.prj

TABLE OF CONTENTS
  1) Synthesis Options Summary
  2) HDL Parsing
  3) HDL Elaboration
  4) HDL Synthesis
       4.1) HDL Synthesis Report
  5) Advanced HDL Synthesis
       5.1) Advanced HDL Synthesis Report
  6) Low Level Synthesis
  7) Partition Report
  8) Design Summary
       8.1) Primitive and Black Box Usage
       8.2) Device utilization summary
       8.3) Partition Resource Summary
       8.4) Timing Report
            8.4.1) Clock Information
            8.4.2) Asynchronous Control Signals Information
            8.4.3) Timing Summary
            8.4.4) Timing Details
            8.4.5) Cross Clock Domains Report


=========================================================================
*                      Synthesis Options Summary                        *
=========================================================================
---- Source Parameters
Input File Name                    : "counter_4_bit.prj"
Ignore Synthesis Constraint File   : NO

---- Target Parameters
Output File Name                   : "counter_4_bit"
Output Format                      : NGC
Target Device                      : xc7a100t-1-csg324

---- Source Options
Top Module Name                    : counter_4_bit
Automatic FSM Extraction           : YES
FSM Encoding Algorithm             : Auto
Safe Implementation                : No
FSM Style                          : LUT
RAM Extraction                     : Yes
RAM Style                          : Auto
ROM Extraction                     : Yes
Shift Register Extraction          : YES
ROM Style                          : Auto
Resource Sharing                   : YES
Asynchronous To Synchronous        : NO
Shift Register Minimum Size        : 2
Use DSP Block                      : Auto
Automatic Register Balancing       : No

---- Target Options
LUT Combining                      : Auto
Reduce Control Sets                : Auto
Add IO Buffers                     : YES
Global Maximum Fanout              : 100000
Add Generic Clock Buffer(BUFG)     : 32
Register Duplication               : YES
Optimize Instantiated Primitives   : NO
Use Clock Enable                   : Auto
Use Synchronous Set                : Auto
Use Synchronous Reset              : Auto
Pack IO Registers into IOBs        : Auto
Equivalent register Removal        : YES

---- General Options
Optimization Goal                  : Speed
Optimization Effort                : 1
Power Reduction                    : NO
Keep Hierarchy                     : No
Netlist Hierarchy                  : As_Optimized
RTL Output                         : Yes
Global Optimization                : AllClockNets
Read Cores                         : YES
Write Timing Constraints           : NO
Cross Clock Analysis               : NO
Hierarchy Separator                : /
Bus Delimiter                      : <>
Case Specifier                     : Maintain
Slice Utilization Ratio            : 100
BRAM Utilization Ratio             : 100
DSP48 Utilization Ratio            : 100
Auto BRAM Packing                  : NO
Slice Utilization Ratio Delta      : 5

=========================================================================


=========================================================================
*                          HDL Parsing                                  *
=========================================================================
Analyzing Verilog file "C:\Users\Student\Downloads\Assgn_5_Grp_53\Assgn_5_Grp_53\clock_divider.v" into library work
Parsing module <clock_divider>.
Analyzing Verilog file "C:\Users\Student\Downloads\Assgn_5_Grp_53\Assgn_5_Grp_53\counter_4_bit.v" into library work
Parsing module <counter_4_bit>.

=========================================================================
*                            HDL Elaboration                            *
=========================================================================

Elaborating module <counter_4_bit>.

Elaborating module <clock_divider>.
WARNING:HDLCompiler:413 - "C:\Users\Student\Downloads\Assgn_5_Grp_53\Assgn_5_Grp_53\counter_4_bit.v" Line 32: Result of 5-bit expression is truncated to fit in 4-bit target.

=========================================================================
*                           HDL Synthesis                               *
=========================================================================

Synthesizing Unit <counter_4_bit>.
    Related source file is "C:\Users\Student\Downloads\Assgn_5_Grp_53\Assgn_5_Grp_53\counter_4_bit.v".
    Found 4-bit register for signal <out>.
    Found 4-bit adder for signal <out[3]_GND_1_o_add_0_OUT> created at line 32.
    Summary:
	inferred   1 Adder/Subtractor(s).
	inferred   4 D-type flip-flop(s).
Unit <counter_4_bit> synthesized.

Synthesizing Unit <clock_divider>.
    Related source file is "C:\Users\Student\Downloads\Assgn_5_Grp_53\Assgn_5_Grp_53\clock_divider.v".
        DIVISOR = 32'b00000101111101011110000100000000
    Found 1-bit register for signal <clk_out>.
    Found 32-bit register for signal <counter>.
    Found 32-bit adder for signal <counter[31]_GND_2_o_add_1_OUT> created at line 33.
    Found 32-bit comparator greater for signal <n0001> created at line 34
    Found 32-bit comparator greater for signal <counter[31]_GND_2_o_LessThan_5_o> created at line 36
    Summary:
	inferred   1 Adder/Subtractor(s).
	inferred  33 D-type flip-flop(s).
	inferred   2 Comparator(s).
Unit <clock_divider> synthesized.

=========================================================================
HDL Synthesis Report

Macro Statistics
# Adders/Subtractors                                   : 2
 32-bit adder                                          : 1
 4-bit adder                                           : 1
# Registers                                            : 3
 1-bit register                                        : 1
 32-bit register                                       : 1
 4-bit register                                        : 1
# Comparators                                          : 2
 32-bit comparator greater                             : 2

=========================================================================

=========================================================================
*                       Advanced HDL Synthesis                          *
=========================================================================


Synthesizing (advanced) Unit <clock_divider>.
The following registers are absorbed into counter <counter>: 1 register on signal <counter>.
Unit <clock_divider> synthesized (advanced).

Synthesizing (advanced) Unit <counter_4_bit>.
The following registers are absorbed into counter <out>: 1 register on signal <out>.
Unit <counter_4_bit> synthesized (advanced).

=========================================================================
Advanced HDL Synthesis Report

Macro Statistics
# Counters                                             : 2
 32-bit up counter                                     : 1
 4-bit up counter                                      : 1
# Registers                                            : 1
 Flip-Flops                                            : 1
# Comparators                                          : 2
 32-bit comparator greater                             : 2

=========================================================================

=========================================================================
*                         Low Level Synthesis                           *
=========================================================================

Optimizing unit <counter_4_bit> ...

Mapping all equations...
Building and optimizing final netlist ...
Found area constraint ratio of 100 (+ 5) on block counter_4_bit, actual ratio is 0.

Final Macro Processing ...

=========================================================================
Final Register Report

Macro Statistics
# Registers                                            : 37
 Flip-Flops                                            : 37

=========================================================================

=========================================================================
*                           Partition Report                            *
=========================================================================

Partition Implementation Status
-------------------------------

  No Partitions were found in this design.

-------------------------------

=========================================================================
*                            Design Summary                             *
=========================================================================

Top Level Output File Name         : counter_4_bit.ngc

Primitive and Black Box Usage:
------------------------------
# BELS                             : 135
#      GND                         : 1
#      INV                         : 3
#      LUT1                        : 31
#      LUT2                        : 4
#      LUT3                        : 3
#      LUT4                        : 3
#      LUT5                        : 14
#      MUXCY                       : 43
#      VCC                         : 1
#      XORCY                       : 32
# FlipFlops/Latches                : 37
#      FD                          : 1
#      FDC                         : 4
#      FDR                         : 32
# Clock Buffers                    : 1
#      BUFGP                       : 1
# IO Buffers                       : 5
#      IBUF                        : 1
#      OBUF                        : 4

Device utilization summary:
---------------------------

Selected Device : 7a100tcsg324-1 


Slice Logic Utilization: 
 Number of Slice Registers:              37  out of  126800     0%  
 Number of Slice LUTs:                   58  out of  63400     0%  
    Number used as Logic:                58  out of  63400     0%  

Slice Logic Distribution: 
 Number of LUT Flip Flop pairs used:     58
   Number with an unused Flip Flop:      21  out of     58    36%  
   Number with an unused LUT:             0  out of     58     0%  
   Number of fully used LUT-FF pairs:    37  out of     58    63%  
   Number of unique control sets:         3

IO Utilization: 
 Number of IOs:                           6
 Number of bonded IOBs:                   6  out of    210     2%  

Specific Feature Utilization:
 Number of BUFG/BUFGCTRLs:                1  out of     32     3%  

---------------------------
Partition Resource Summary:
---------------------------

  No Partitions were found in this design.

---------------------------


=========================================================================
Timing Report

NOTE: THESE TIMING NUMBERS ARE ONLY A SYNTHESIS ESTIMATE.
      FOR ACCURATE TIMING INFORMATION PLEASE REFER TO THE TRACE REPORT
      GENERATED AFTER PLACE-and-ROUTE.

Clock Information:
------------------
-----------------------------------+------------------------+-------+
Clock Signal                       | Clock buffer(FF name)  | Load  |
-----------------------------------+------------------------+-------+
clk                                | BUFGP                  | 33    |
cd/clk_out                         | NONE(out_0)            | 4     |
-----------------------------------+------------------------+-------+
INFO:Xst:2169 - HDL ADVISOR - Some clock signals were not automatically buffered by XST with BUFG/BUFR resources. Please use the buffer_type constraint in order to insert these buffers to the clock signals to help prevent skew problems.

Asynchronous Control Signals Information:
----------------------------------------
No asynchronous control signals found in this design

Timing Summary:
---------------
Speed Grade: -1

   Minimum period: 3.556ns (Maximum Frequency: 281.212MHz)
   Minimum input arrival time before clock: 0.914ns
   Maximum output required time after clock: 0.904ns
   Maximum combinational path delay: No path found

Timing Details:
---------------
All values displayed in nanoseconds (ns)

=========================================================================
Timing constraint: Default period analysis for Clock 'clk'
  Clock period: 3.556ns (frequency: 281.212MHz)
  Total number of paths / destination ports: 2138 / 65
-------------------------------------------------------------------------
Delay:               3.556ns (Levels of Logic = 8)
  Source:            cd/counter_0 (FF)
  Destination:       cd/counter_0 (FF)
  Source Clock:      clk rising
  Destination Clock: clk rising

  Data Path: cd/counter_0 to cd/counter_0
                                Gate     Net
    Cell:in->out      fanout   Delay   Delay  Logical Name (Net Name)
    ----------------------------------------  ------------
     FDR:C->Q              2   0.478   0.925  cd/counter_0 (cd/counter_0)
     LUT5:I0->O            1   0.124   0.000  cd/Mcompar_n0001_lut<0> (cd/Mcompar_n0001_lut<0>)
     MUXCY:S->O            1   0.472   0.000  cd/Mcompar_n0001_cy<0> (cd/Mcompar_n0001_cy<0>)
     MUXCY:CI->O           1   0.029   0.000  cd/Mcompar_n0001_cy<1> (cd/Mcompar_n0001_cy<1>)
     MUXCY:CI->O           1   0.029   0.000  cd/Mcompar_n0001_cy<2> (cd/Mcompar_n0001_cy<2>)
     MUXCY:CI->O           1   0.029   0.000  cd/Mcompar_n0001_cy<3> (cd/Mcompar_n0001_cy<3>)
     MUXCY:CI->O           1   0.029   0.000  cd/Mcompar_n0001_cy<4> (cd/Mcompar_n0001_cy<4>)
     MUXCY:CI->O           1   0.029   0.000  cd/Mcompar_n0001_cy<5> (cd/Mcompar_n0001_cy<5>)
     MUXCY:CI->O          32   0.365   0.552  cd/Mcompar_n0001_cy<6> (cd/Mcompar_n0001_cy<6>)
     FDR:R                     0.494          cd/counter_0
    ----------------------------------------
    Total                      3.556ns (2.079ns logic, 1.477ns route)
                                       (58.5% logic, 41.5% route)

=========================================================================
Timing constraint: Default period analysis for Clock 'cd/clk_out'
  Clock period: 1.479ns (frequency: 676.133MHz)
  Total number of paths / destination ports: 10 / 4
-------------------------------------------------------------------------
Delay:               1.479ns (Levels of Logic = 1)
  Source:            out_0 (FF)
  Destination:       out_0 (FF)
  Source Clock:      cd/clk_out rising
  Destination Clock: cd/clk_out rising

  Data Path: out_0 to out_0
                                Gate     Net
    Cell:in->out      fanout   Delay   Delay  Logical Name (Net Name)
    ----------------------------------------  ------------
     FDC:C->Q              5   0.478   0.426  out_0 (out_0)
     INV:I->O              1   0.146   0.399  Mcount_out_xor<0>11_INV_0 (Result<0>)
     FDC:D                     0.030          out_0
    ----------------------------------------
    Total                      1.479ns (0.654ns logic, 0.825ns route)
                                       (44.2% logic, 55.8% route)

=========================================================================
Timing constraint: Default OFFSET IN BEFORE for Clock 'cd/clk_out'
  Total number of paths / destination ports: 4 / 4
-------------------------------------------------------------------------
Offset:              0.914ns (Levels of Logic = 1)
  Source:            rst (PAD)
  Destination:       out_0 (FF)
  Destination Clock: cd/clk_out rising

  Data Path: rst to out_0
                                Gate     Net
    Cell:in->out      fanout   Delay   Delay  Logical Name (Net Name)
    ----------------------------------------  ------------
     IBUF:I->O             4   0.001   0.419  rst_IBUF (rst_IBUF)
     FDC:CLR                   0.494          out_0
    ----------------------------------------
    Total                      0.914ns (0.495ns logic, 0.419ns route)
                                       (54.2% logic, 45.8% route)

=========================================================================
Timing constraint: Default OFFSET OUT AFTER for Clock 'cd/clk_out'
  Total number of paths / destination ports: 4 / 4
-------------------------------------------------------------------------
Offset:              0.904ns (Levels of Logic = 1)
  Source:            out_0 (FF)
  Destination:       out<0> (PAD)
  Source Clock:      cd/clk_out rising

  Data Path: out_0 to out<0>
                                Gate     Net
    Cell:in->out      fanout   Delay   Delay  Logical Name (Net Name)
    ----------------------------------------  ------------
     FDC:C->Q              5   0.478   0.426  out_0 (out_0)
     OBUF:I->O                 0.000          out_0_OBUF (out<0>)
    ----------------------------------------
    Total                      0.904ns (0.478ns logic, 0.426ns route)
                                       (52.9% logic, 47.1% route)

=========================================================================

Cross Clock Domains Report:
--------------------------

Clock to Setup on destination clock cd/clk_out
---------------+---------+---------+---------+---------+
               | Src:Rise| Src:Fall| Src:Rise| Src:Fall|
Source Clock   |Dest:Rise|Dest:Rise|Dest:Fall|Dest:Fall|
---------------+---------+---------+---------+---------+
cd/clk_out     |    1.479|         |         |         |
---------------+---------+---------+---------+---------+

Clock to Setup on destination clock clk
---------------+---------+---------+---------+---------+
               | Src:Rise| Src:Fall| Src:Rise| Src:Fall|
Source Clock   |Dest:Rise|Dest:Rise|Dest:Fall|Dest:Fall|
---------------+---------+---------+---------+---------+
clk            |    3.556|         |         |         |
---------------+---------+---------+---------+---------+

=========================================================================


Total REAL time to Xst completion: 11.00 secs
Total CPU time to Xst completion: 10.73 secs
 
--> 

Total memory usage is 4616476 kilobytes

Number of errors   :    0 (   0 filtered)
Number of warnings :    1 (   0 filtered)
Number of infos    :    1 (   0 filtered)

