--------------------------------------------------------------------------------
Release 14.7 Trace  (nt64)
Copyright (c) 1995-2013 Xilinx, Inc.  All rights reserved.

C:\Xilinx\14.7\ISE_DS\ISE\bin\nt64\unwrapped\trce.exe -intstyle ise -v 3 -s 1
-n 3 -fastpaths -xml counter_4_bit_structural.twx counter_4_bit_structural.ncd
-o counter_4_bit_structural.twr counter_4_bit_structural.pcf -ucf
pin_4_bit_counter_structural.ucf

Design file:              counter_4_bit_structural.ncd
Physical constraint file: counter_4_bit_structural.pcf
Device,package,speed:     xc7a100t,csg324,C,-1 (PRODUCTION 1.10 2013-10-13)
Report level:             verbose report

Environment Variable      Effect 
--------------------      ------ 
NONE                      No environment variables were set
--------------------------------------------------------------------------------

INFO:Timing:3412 - To improve timing, see the Timing Closure User Guide (UG612).
INFO:Timing:2752 - To get complete path coverage, use the unconstrained paths 
   option. All paths that are not constrained will be reported in the 
   unconstrained paths section(s) of the report.
INFO:Timing:3339 - The clock-to-out numbers in this timing report are based on 
   a 50 Ohm transmission line loading model.  For the details of this model, 
   and for more information on accounting for different loading conditions, 
   please see the device datasheet.

================================================================================
Timing constraint: TS_sys_clk_pin = PERIOD TIMEGRP "sys_clk_pin" 100 MHz HIGH 
50%;
For more information, see Period Analysis in the Timing Closure User Guide (UG612).

 2138 paths analyzed, 141 endpoints analyzed, 0 failing endpoints
 0 timing errors detected. (0 setup errors, 0 hold errors, 0 component switching limit errors)
 Minimum period is   3.944ns.
--------------------------------------------------------------------------------

Paths for end point cd/counter_28 (SLICE_X0Y105.SR), 49 paths
--------------------------------------------------------------------------------
Slack (setup path):     6.056ns (requirement - (data path - clock path skew + uncertainty))
  Source:               cd/counter_6 (FF)
  Destination:          cd/counter_28 (FF)
  Requirement:          10.000ns
  Data Path Delay:      3.772ns (Levels of Logic = 2)
  Clock Path Skew:      -0.137ns (1.588 - 1.725)
  Source Clock:         clk_BUFGP rising at 0.000ns
  Destination Clock:    clk_BUFGP rising at 10.000ns
  Clock Uncertainty:    0.035ns

  Clock Uncertainty:          0.035ns  ((TSJ^2 + TIJ^2)^1/2 + DJ) / 2 + PE
    Total System Jitter (TSJ):  0.070ns
    Total Input Jitter (TIJ):   0.000ns
    Discrete Jitter (DJ):       0.000ns
    Phase Error (PE):           0.000ns

  Maximum Data Path at Slow Process Corner: cd/counter_6 to cd/counter_28
    Location             Delay type         Delay(ns)  Physical Resource
                                                       Logical Resource(s)
    -------------------------------------------------  -------------------
    SLICE_X0Y99.CQ       Tcko                  0.456   cd/counter<7>
                                                       cd/counter_6
    SLICE_X1Y101.B2      net (fanout=2)        0.970   cd/counter<6>
    SLICE_X1Y101.COUT    Topcyb                0.674   cd/Mcompar_n0001_cy<3>
                                                       cd/Mcompar_n0001_lut<1>
                                                       cd/Mcompar_n0001_cy<3>
    SLICE_X1Y102.CIN     net (fanout=1)        0.000   cd/Mcompar_n0001_cy<3>
    SLICE_X1Y102.CMUX    Tcinc                 0.417   cd/Mcompar_n0001_cy<6>
                                                       cd/Mcompar_n0001_cy<6>
    SLICE_X0Y105.SR      net (fanout=8)        0.826   cd/Mcompar_n0001_cy<6>
    SLICE_X0Y105.CLK     Tsrck                 0.429   cd/counter<31>
                                                       cd/counter_28
    -------------------------------------------------  ---------------------------
    Total                                      3.772ns (1.976ns logic, 1.796ns route)
                                                       (52.4% logic, 47.6% route)

--------------------------------------------------------------------------------
Slack (setup path):     6.080ns (requirement - (data path - clock path skew + uncertainty))
  Source:               cd/counter_3 (FF)
  Destination:          cd/counter_28 (FF)
  Requirement:          10.000ns
  Data Path Delay:      3.748ns (Levels of Logic = 2)
  Clock Path Skew:      -0.137ns (1.588 - 1.725)
  Source Clock:         clk_BUFGP rising at 0.000ns
  Destination Clock:    clk_BUFGP rising at 10.000ns
  Clock Uncertainty:    0.035ns

  Clock Uncertainty:          0.035ns  ((TSJ^2 + TIJ^2)^1/2 + DJ) / 2 + PE
    Total System Jitter (TSJ):  0.070ns
    Total Input Jitter (TIJ):   0.000ns
    Discrete Jitter (DJ):       0.000ns
    Phase Error (PE):           0.000ns

  Maximum Data Path at Slow Process Corner: cd/counter_3 to cd/counter_28
    Location             Delay type         Delay(ns)  Physical Resource
                                                       Logical Resource(s)
    -------------------------------------------------  -------------------
    SLICE_X0Y98.DQ       Tcko                  0.456   cd/counter<3>
                                                       cd/counter_3
    SLICE_X1Y101.A1      net (fanout=2)        0.964   cd/counter<3>
    SLICE_X1Y101.COUT    Topcya                0.656   cd/Mcompar_n0001_cy<3>
                                                       cd/Mcompar_n0001_lut<0>
                                                       cd/Mcompar_n0001_cy<3>
    SLICE_X1Y102.CIN     net (fanout=1)        0.000   cd/Mcompar_n0001_cy<3>
    SLICE_X1Y102.CMUX    Tcinc                 0.417   cd/Mcompar_n0001_cy<6>
                                                       cd/Mcompar_n0001_cy<6>
    SLICE_X0Y105.SR      net (fanout=8)        0.826   cd/Mcompar_n0001_cy<6>
    SLICE_X0Y105.CLK     Tsrck                 0.429   cd/counter<31>
                                                       cd/counter_28
    -------------------------------------------------  ---------------------------
    Total                                      3.748ns (1.958ns logic, 1.790ns route)
                                                       (52.2% logic, 47.8% route)

--------------------------------------------------------------------------------
Slack (setup path):     6.090ns (requirement - (data path - clock path skew + uncertainty))
  Source:               cd/counter_1 (FF)
  Destination:          cd/counter_28 (FF)
  Requirement:          10.000ns
  Data Path Delay:      3.738ns (Levels of Logic = 2)
  Clock Path Skew:      -0.137ns (1.588 - 1.725)
  Source Clock:         clk_BUFGP rising at 0.000ns
  Destination Clock:    clk_BUFGP rising at 10.000ns
  Clock Uncertainty:    0.035ns

  Clock Uncertainty:          0.035ns  ((TSJ^2 + TIJ^2)^1/2 + DJ) / 2 + PE
    Total System Jitter (TSJ):  0.070ns
    Total Input Jitter (TIJ):   0.000ns
    Discrete Jitter (DJ):       0.000ns
    Phase Error (PE):           0.000ns

  Maximum Data Path at Slow Process Corner: cd/counter_1 to cd/counter_28
    Location             Delay type         Delay(ns)  Physical Resource
                                                       Logical Resource(s)
    -------------------------------------------------  -------------------
    SLICE_X0Y98.BQ       Tcko                  0.456   cd/counter<3>
                                                       cd/counter_1
    SLICE_X1Y101.A2      net (fanout=2)        0.954   cd/counter<1>
    SLICE_X1Y101.COUT    Topcya                0.656   cd/Mcompar_n0001_cy<3>
                                                       cd/Mcompar_n0001_lut<0>
                                                       cd/Mcompar_n0001_cy<3>
    SLICE_X1Y102.CIN     net (fanout=1)        0.000   cd/Mcompar_n0001_cy<3>
    SLICE_X1Y102.CMUX    Tcinc                 0.417   cd/Mcompar_n0001_cy<6>
                                                       cd/Mcompar_n0001_cy<6>
    SLICE_X0Y105.SR      net (fanout=8)        0.826   cd/Mcompar_n0001_cy<6>
    SLICE_X0Y105.CLK     Tsrck                 0.429   cd/counter<31>
                                                       cd/counter_28
    -------------------------------------------------  ---------------------------
    Total                                      3.738ns (1.958ns logic, 1.780ns route)
                                                       (52.4% logic, 47.6% route)

--------------------------------------------------------------------------------

Paths for end point cd/counter_29 (SLICE_X0Y105.SR), 49 paths
--------------------------------------------------------------------------------
Slack (setup path):     6.056ns (requirement - (data path - clock path skew + uncertainty))
  Source:               cd/counter_6 (FF)
  Destination:          cd/counter_29 (FF)
  Requirement:          10.000ns
  Data Path Delay:      3.772ns (Levels of Logic = 2)
  Clock Path Skew:      -0.137ns (1.588 - 1.725)
  Source Clock:         clk_BUFGP rising at 0.000ns
  Destination Clock:    clk_BUFGP rising at 10.000ns
  Clock Uncertainty:    0.035ns

  Clock Uncertainty:          0.035ns  ((TSJ^2 + TIJ^2)^1/2 + DJ) / 2 + PE
    Total System Jitter (TSJ):  0.070ns
    Total Input Jitter (TIJ):   0.000ns
    Discrete Jitter (DJ):       0.000ns
    Phase Error (PE):           0.000ns

  Maximum Data Path at Slow Process Corner: cd/counter_6 to cd/counter_29
    Location             Delay type         Delay(ns)  Physical Resource
                                                       Logical Resource(s)
    -------------------------------------------------  -------------------
    SLICE_X0Y99.CQ       Tcko                  0.456   cd/counter<7>
                                                       cd/counter_6
    SLICE_X1Y101.B2      net (fanout=2)        0.970   cd/counter<6>
    SLICE_X1Y101.COUT    Topcyb                0.674   cd/Mcompar_n0001_cy<3>
                                                       cd/Mcompar_n0001_lut<1>
                                                       cd/Mcompar_n0001_cy<3>
    SLICE_X1Y102.CIN     net (fanout=1)        0.000   cd/Mcompar_n0001_cy<3>
    SLICE_X1Y102.CMUX    Tcinc                 0.417   cd/Mcompar_n0001_cy<6>
                                                       cd/Mcompar_n0001_cy<6>
    SLICE_X0Y105.SR      net (fanout=8)        0.826   cd/Mcompar_n0001_cy<6>
    SLICE_X0Y105.CLK     Tsrck                 0.429   cd/counter<31>
                                                       cd/counter_29
    -------------------------------------------------  ---------------------------
    Total                                      3.772ns (1.976ns logic, 1.796ns route)
                                                       (52.4% logic, 47.6% route)

--------------------------------------------------------------------------------
Slack (setup path):     6.080ns (requirement - (data path - clock path skew + uncertainty))
  Source:               cd/counter_3 (FF)
  Destination:          cd/counter_29 (FF)
  Requirement:          10.000ns
  Data Path Delay:      3.748ns (Levels of Logic = 2)
  Clock Path Skew:      -0.137ns (1.588 - 1.725)
  Source Clock:         clk_BUFGP rising at 0.000ns
  Destination Clock:    clk_BUFGP rising at 10.000ns
  Clock Uncertainty:    0.035ns

  Clock Uncertainty:          0.035ns  ((TSJ^2 + TIJ^2)^1/2 + DJ) / 2 + PE
    Total System Jitter (TSJ):  0.070ns
    Total Input Jitter (TIJ):   0.000ns
    Discrete Jitter (DJ):       0.000ns
    Phase Error (PE):           0.000ns

  Maximum Data Path at Slow Process Corner: cd/counter_3 to cd/counter_29
    Location             Delay type         Delay(ns)  Physical Resource
                                                       Logical Resource(s)
    -------------------------------------------------  -------------------
    SLICE_X0Y98.DQ       Tcko                  0.456   cd/counter<3>
                                                       cd/counter_3
    SLICE_X1Y101.A1      net (fanout=2)        0.964   cd/counter<3>
    SLICE_X1Y101.COUT    Topcya                0.656   cd/Mcompar_n0001_cy<3>
                                                       cd/Mcompar_n0001_lut<0>
                                                       cd/Mcompar_n0001_cy<3>
    SLICE_X1Y102.CIN     net (fanout=1)        0.000   cd/Mcompar_n0001_cy<3>
    SLICE_X1Y102.CMUX    Tcinc                 0.417   cd/Mcompar_n0001_cy<6>
                                                       cd/Mcompar_n0001_cy<6>
    SLICE_X0Y105.SR      net (fanout=8)        0.826   cd/Mcompar_n0001_cy<6>
    SLICE_X0Y105.CLK     Tsrck                 0.429   cd/counter<31>
                                                       cd/counter_29
    -------------------------------------------------  ---------------------------
    Total                                      3.748ns (1.958ns logic, 1.790ns route)
                                                       (52.2% logic, 47.8% route)

--------------------------------------------------------------------------------
Slack (setup path):     6.090ns (requirement - (data path - clock path skew + uncertainty))
  Source:               cd/counter_1 (FF)
  Destination:          cd/counter_29 (FF)
  Requirement:          10.000ns
  Data Path Delay:      3.738ns (Levels of Logic = 2)
  Clock Path Skew:      -0.137ns (1.588 - 1.725)
  Source Clock:         clk_BUFGP rising at 0.000ns
  Destination Clock:    clk_BUFGP rising at 10.000ns
  Clock Uncertainty:    0.035ns

  Clock Uncertainty:          0.035ns  ((TSJ^2 + TIJ^2)^1/2 + DJ) / 2 + PE
    Total System Jitter (TSJ):  0.070ns
    Total Input Jitter (TIJ):   0.000ns
    Discrete Jitter (DJ):       0.000ns
    Phase Error (PE):           0.000ns

  Maximum Data Path at Slow Process Corner: cd/counter_1 to cd/counter_29
    Location             Delay type         Delay(ns)  Physical Resource
                                                       Logical Resource(s)
    -------------------------------------------------  -------------------
    SLICE_X0Y98.BQ       Tcko                  0.456   cd/counter<3>
                                                       cd/counter_1
    SLICE_X1Y101.A2      net (fanout=2)        0.954   cd/counter<1>
    SLICE_X1Y101.COUT    Topcya                0.656   cd/Mcompar_n0001_cy<3>
                                                       cd/Mcompar_n0001_lut<0>
                                                       cd/Mcompar_n0001_cy<3>
    SLICE_X1Y102.CIN     net (fanout=1)        0.000   cd/Mcompar_n0001_cy<3>
    SLICE_X1Y102.CMUX    Tcinc                 0.417   cd/Mcompar_n0001_cy<6>
                                                       cd/Mcompar_n0001_cy<6>
    SLICE_X0Y105.SR      net (fanout=8)        0.826   cd/Mcompar_n0001_cy<6>
    SLICE_X0Y105.CLK     Tsrck                 0.429   cd/counter<31>
                                                       cd/counter_29
    -------------------------------------------------  ---------------------------
    Total                                      3.738ns (1.958ns logic, 1.780ns route)
                                                       (52.4% logic, 47.6% route)

--------------------------------------------------------------------------------

Paths for end point cd/counter_30 (SLICE_X0Y105.SR), 49 paths
--------------------------------------------------------------------------------
Slack (setup path):     6.056ns (requirement - (data path - clock path skew + uncertainty))
  Source:               cd/counter_6 (FF)
  Destination:          cd/counter_30 (FF)
  Requirement:          10.000ns
  Data Path Delay:      3.772ns (Levels of Logic = 2)
  Clock Path Skew:      -0.137ns (1.588 - 1.725)
  Source Clock:         clk_BUFGP rising at 0.000ns
  Destination Clock:    clk_BUFGP rising at 10.000ns
  Clock Uncertainty:    0.035ns

  Clock Uncertainty:          0.035ns  ((TSJ^2 + TIJ^2)^1/2 + DJ) / 2 + PE
    Total System Jitter (TSJ):  0.070ns
    Total Input Jitter (TIJ):   0.000ns
    Discrete Jitter (DJ):       0.000ns
    Phase Error (PE):           0.000ns

  Maximum Data Path at Slow Process Corner: cd/counter_6 to cd/counter_30
    Location             Delay type         Delay(ns)  Physical Resource
                                                       Logical Resource(s)
    -------------------------------------------------  -------------------
    SLICE_X0Y99.CQ       Tcko                  0.456   cd/counter<7>
                                                       cd/counter_6
    SLICE_X1Y101.B2      net (fanout=2)        0.970   cd/counter<6>
    SLICE_X1Y101.COUT    Topcyb                0.674   cd/Mcompar_n0001_cy<3>
                                                       cd/Mcompar_n0001_lut<1>
                                                       cd/Mcompar_n0001_cy<3>
    SLICE_X1Y102.CIN     net (fanout=1)        0.000   cd/Mcompar_n0001_cy<3>
    SLICE_X1Y102.CMUX    Tcinc                 0.417   cd/Mcompar_n0001_cy<6>
                                                       cd/Mcompar_n0001_cy<6>
    SLICE_X0Y105.SR      net (fanout=8)        0.826   cd/Mcompar_n0001_cy<6>
    SLICE_X0Y105.CLK     Tsrck                 0.429   cd/counter<31>
                                                       cd/counter_30
    -------------------------------------------------  ---------------------------
    Total                                      3.772ns (1.976ns logic, 1.796ns route)
                                                       (52.4% logic, 47.6% route)

--------------------------------------------------------------------------------
Slack (setup path):     6.080ns (requirement - (data path - clock path skew + uncertainty))
  Source:               cd/counter_3 (FF)
  Destination:          cd/counter_30 (FF)
  Requirement:          10.000ns
  Data Path Delay:      3.748ns (Levels of Logic = 2)
  Clock Path Skew:      -0.137ns (1.588 - 1.725)
  Source Clock:         clk_BUFGP rising at 0.000ns
  Destination Clock:    clk_BUFGP rising at 10.000ns
  Clock Uncertainty:    0.035ns

  Clock Uncertainty:          0.035ns  ((TSJ^2 + TIJ^2)^1/2 + DJ) / 2 + PE
    Total System Jitter (TSJ):  0.070ns
    Total Input Jitter (TIJ):   0.000ns
    Discrete Jitter (DJ):       0.000ns
    Phase Error (PE):           0.000ns

  Maximum Data Path at Slow Process Corner: cd/counter_3 to cd/counter_30
    Location             Delay type         Delay(ns)  Physical Resource
                                                       Logical Resource(s)
    -------------------------------------------------  -------------------
    SLICE_X0Y98.DQ       Tcko                  0.456   cd/counter<3>
                                                       cd/counter_3
    SLICE_X1Y101.A1      net (fanout=2)        0.964   cd/counter<3>
    SLICE_X1Y101.COUT    Topcya                0.656   cd/Mcompar_n0001_cy<3>
                                                       cd/Mcompar_n0001_lut<0>
                                                       cd/Mcompar_n0001_cy<3>
    SLICE_X1Y102.CIN     net (fanout=1)        0.000   cd/Mcompar_n0001_cy<3>
    SLICE_X1Y102.CMUX    Tcinc                 0.417   cd/Mcompar_n0001_cy<6>
                                                       cd/Mcompar_n0001_cy<6>
    SLICE_X0Y105.SR      net (fanout=8)        0.826   cd/Mcompar_n0001_cy<6>
    SLICE_X0Y105.CLK     Tsrck                 0.429   cd/counter<31>
                                                       cd/counter_30
    -------------------------------------------------  ---------------------------
    Total                                      3.748ns (1.958ns logic, 1.790ns route)
                                                       (52.2% logic, 47.8% route)

--------------------------------------------------------------------------------
Slack (setup path):     6.090ns (requirement - (data path - clock path skew + uncertainty))
  Source:               cd/counter_1 (FF)
  Destination:          cd/counter_30 (FF)
  Requirement:          10.000ns
  Data Path Delay:      3.738ns (Levels of Logic = 2)
  Clock Path Skew:      -0.137ns (1.588 - 1.725)
  Source Clock:         clk_BUFGP rising at 0.000ns
  Destination Clock:    clk_BUFGP rising at 10.000ns
  Clock Uncertainty:    0.035ns

  Clock Uncertainty:          0.035ns  ((TSJ^2 + TIJ^2)^1/2 + DJ) / 2 + PE
    Total System Jitter (TSJ):  0.070ns
    Total Input Jitter (TIJ):   0.000ns
    Discrete Jitter (DJ):       0.000ns
    Phase Error (PE):           0.000ns

  Maximum Data Path at Slow Process Corner: cd/counter_1 to cd/counter_30
    Location             Delay type         Delay(ns)  Physical Resource
                                                       Logical Resource(s)
    -------------------------------------------------  -------------------
    SLICE_X0Y98.BQ       Tcko                  0.456   cd/counter<3>
                                                       cd/counter_1
    SLICE_X1Y101.A2      net (fanout=2)        0.954   cd/counter<1>
    SLICE_X1Y101.COUT    Topcya                0.656   cd/Mcompar_n0001_cy<3>
                                                       cd/Mcompar_n0001_lut<0>
                                                       cd/Mcompar_n0001_cy<3>
    SLICE_X1Y102.CIN     net (fanout=1)        0.000   cd/Mcompar_n0001_cy<3>
    SLICE_X1Y102.CMUX    Tcinc                 0.417   cd/Mcompar_n0001_cy<6>
                                                       cd/Mcompar_n0001_cy<6>
    SLICE_X0Y105.SR      net (fanout=8)        0.826   cd/Mcompar_n0001_cy<6>
    SLICE_X0Y105.CLK     Tsrck                 0.429   cd/counter<31>
                                                       cd/counter_30
    -------------------------------------------------  ---------------------------
    Total                                      3.738ns (1.958ns logic, 1.780ns route)
                                                       (52.4% logic, 47.6% route)

--------------------------------------------------------------------------------

Hold Paths: TS_sys_clk_pin = PERIOD TIMEGRP "sys_clk_pin" 100 MHz HIGH 50%;
--------------------------------------------------------------------------------

Paths for end point cd/counter_8 (SLICE_X0Y100.CIN), 8 paths
--------------------------------------------------------------------------------
Slack (hold path):      0.158ns (requirement - (clock path skew + uncertainty - data path))
  Source:               cd/counter_7 (FF)
  Destination:          cd/counter_8 (FF)
  Requirement:          0.000ns
  Data Path Delay:      0.425ns (Levels of Logic = 2)
  Clock Path Skew:      0.267ns (0.871 - 0.604)
  Source Clock:         clk_BUFGP rising at 10.000ns
  Destination Clock:    clk_BUFGP rising at 10.000ns
  Clock Uncertainty:    0.000ns

  Minimum Data Path at Fast Process Corner: cd/counter_7 to cd/counter_8
    Location             Delay type         Delay(ns)  Physical Resource
                                                       Logical Resource(s)
    -------------------------------------------------  -------------------
    SLICE_X0Y99.DQ       Tcko                  0.141   cd/counter<7>
                                                       cd/counter_7
    SLICE_X0Y99.D3       net (fanout=3)        0.173   cd/counter<7>
    SLICE_X0Y99.COUT     Topcyd                0.160   cd/counter<7>
                                                       cd/counter<7>_rt
                                                       cd/Mcount_counter_cy<7>
    SLICE_X0Y100.CIN     net (fanout=1)        0.001   cd/Mcount_counter_cy<7>
    SLICE_X0Y100.CLK     Tckcin      (-Th)     0.050   cd/counter<11>
                                                       cd/Mcount_counter_cy<11>
                                                       cd/counter_8
    -------------------------------------------------  ---------------------------
    Total                                      0.425ns (0.251ns logic, 0.174ns route)
                                                       (59.1% logic, 40.9% route)

--------------------------------------------------------------------------------
Slack (hold path):      0.197ns (requirement - (clock path skew + uncertainty - data path))
  Source:               cd/counter_3 (FF)
  Destination:          cd/counter_8 (FF)
  Requirement:          0.000ns
  Data Path Delay:      0.464ns (Levels of Logic = 3)
  Clock Path Skew:      0.267ns (0.871 - 0.604)
  Source Clock:         clk_BUFGP rising at 10.000ns
  Destination Clock:    clk_BUFGP rising at 10.000ns
  Clock Uncertainty:    0.000ns

  Minimum Data Path at Fast Process Corner: cd/counter_3 to cd/counter_8
    Location             Delay type         Delay(ns)  Physical Resource
                                                       Logical Resource(s)
    -------------------------------------------------  -------------------
    SLICE_X0Y98.DQ       Tcko                  0.141   cd/counter<3>
                                                       cd/counter_3
    SLICE_X0Y98.D3       net (fanout=2)        0.173   cd/counter<3>
    SLICE_X0Y98.COUT     Topcyd                0.160   cd/counter<3>
                                                       cd/counter<3>_rt
                                                       cd/Mcount_counter_cy<3>
    SLICE_X0Y99.CIN      net (fanout=1)        0.000   cd/Mcount_counter_cy<3>
    SLICE_X0Y99.COUT     Tbyp                  0.039   cd/counter<7>
                                                       cd/Mcount_counter_cy<7>
    SLICE_X0Y100.CIN     net (fanout=1)        0.001   cd/Mcount_counter_cy<7>
    SLICE_X0Y100.CLK     Tckcin      (-Th)     0.050   cd/counter<11>
                                                       cd/Mcount_counter_cy<11>
                                                       cd/counter_8
    -------------------------------------------------  ---------------------------
    Total                                      0.464ns (0.290ns logic, 0.174ns route)
                                                       (62.5% logic, 37.5% route)

--------------------------------------------------------------------------------
Slack (hold path):      0.207ns (requirement - (clock path skew + uncertainty - data path))
  Source:               cd/counter_4 (FF)
  Destination:          cd/counter_8 (FF)
  Requirement:          0.000ns
  Data Path Delay:      0.474ns (Levels of Logic = 2)
  Clock Path Skew:      0.267ns (0.871 - 0.604)
  Source Clock:         clk_BUFGP rising at 10.000ns
  Destination Clock:    clk_BUFGP rising at 10.000ns
  Clock Uncertainty:    0.000ns

  Minimum Data Path at Fast Process Corner: cd/counter_4 to cd/counter_8
    Location             Delay type         Delay(ns)  Physical Resource
                                                       Logical Resource(s)
    -------------------------------------------------  -------------------
    SLICE_X0Y99.AQ       Tcko                  0.141   cd/counter<7>
                                                       cd/counter_4
    SLICE_X0Y99.A3       net (fanout=2)        0.185   cd/counter<4>
    SLICE_X0Y99.COUT     Topcya                0.197   cd/counter<7>
                                                       cd/counter<4>_rt
                                                       cd/Mcount_counter_cy<7>
    SLICE_X0Y100.CIN     net (fanout=1)        0.001   cd/Mcount_counter_cy<7>
    SLICE_X0Y100.CLK     Tckcin      (-Th)     0.050   cd/counter<11>
                                                       cd/Mcount_counter_cy<11>
                                                       cd/counter_8
    -------------------------------------------------  ---------------------------
    Total                                      0.474ns (0.288ns logic, 0.186ns route)
                                                       (60.8% logic, 39.2% route)

--------------------------------------------------------------------------------

Paths for end point cd/counter_10 (SLICE_X0Y100.CIN), 8 paths
--------------------------------------------------------------------------------
Slack (hold path):      0.168ns (requirement - (clock path skew + uncertainty - data path))
  Source:               cd/counter_7 (FF)
  Destination:          cd/counter_10 (FF)
  Requirement:          0.000ns
  Data Path Delay:      0.435ns (Levels of Logic = 2)
  Clock Path Skew:      0.267ns (0.871 - 0.604)
  Source Clock:         clk_BUFGP rising at 10.000ns
  Destination Clock:    clk_BUFGP rising at 10.000ns
  Clock Uncertainty:    0.000ns

  Minimum Data Path at Fast Process Corner: cd/counter_7 to cd/counter_10
    Location             Delay type         Delay(ns)  Physical Resource
                                                       Logical Resource(s)
    -------------------------------------------------  -------------------
    SLICE_X0Y99.DQ       Tcko                  0.141   cd/counter<7>
                                                       cd/counter_7
    SLICE_X0Y99.D3       net (fanout=3)        0.173   cd/counter<7>
    SLICE_X0Y99.COUT     Topcyd                0.160   cd/counter<7>
                                                       cd/counter<7>_rt
                                                       cd/Mcount_counter_cy<7>
    SLICE_X0Y100.CIN     net (fanout=1)        0.001   cd/Mcount_counter_cy<7>
    SLICE_X0Y100.CLK     Tckcin      (-Th)     0.040   cd/counter<11>
                                                       cd/Mcount_counter_cy<11>
                                                       cd/counter_10
    -------------------------------------------------  ---------------------------
    Total                                      0.435ns (0.261ns logic, 0.174ns route)
                                                       (60.0% logic, 40.0% route)

--------------------------------------------------------------------------------
Slack (hold path):      0.207ns (requirement - (clock path skew + uncertainty - data path))
  Source:               cd/counter_3 (FF)
  Destination:          cd/counter_10 (FF)
  Requirement:          0.000ns
  Data Path Delay:      0.474ns (Levels of Logic = 3)
  Clock Path Skew:      0.267ns (0.871 - 0.604)
  Source Clock:         clk_BUFGP rising at 10.000ns
  Destination Clock:    clk_BUFGP rising at 10.000ns
  Clock Uncertainty:    0.000ns

  Minimum Data Path at Fast Process Corner: cd/counter_3 to cd/counter_10
    Location             Delay type         Delay(ns)  Physical Resource
                                                       Logical Resource(s)
    -------------------------------------------------  -------------------
    SLICE_X0Y98.DQ       Tcko                  0.141   cd/counter<3>
                                                       cd/counter_3
    SLICE_X0Y98.D3       net (fanout=2)        0.173   cd/counter<3>
    SLICE_X0Y98.COUT     Topcyd                0.160   cd/counter<3>
                                                       cd/counter<3>_rt
                                                       cd/Mcount_counter_cy<3>
    SLICE_X0Y99.CIN      net (fanout=1)        0.000   cd/Mcount_counter_cy<3>
    SLICE_X0Y99.COUT     Tbyp                  0.039   cd/counter<7>
                                                       cd/Mcount_counter_cy<7>
    SLICE_X0Y100.CIN     net (fanout=1)        0.001   cd/Mcount_counter_cy<7>
    SLICE_X0Y100.CLK     Tckcin      (-Th)     0.040   cd/counter<11>
                                                       cd/Mcount_counter_cy<11>
                                                       cd/counter_10
    -------------------------------------------------  ---------------------------
    Total                                      0.474ns (0.300ns logic, 0.174ns route)
                                                       (63.3% logic, 36.7% route)

--------------------------------------------------------------------------------
Slack (hold path):      0.217ns (requirement - (clock path skew + uncertainty - data path))
  Source:               cd/counter_4 (FF)
  Destination:          cd/counter_10 (FF)
  Requirement:          0.000ns
  Data Path Delay:      0.484ns (Levels of Logic = 2)
  Clock Path Skew:      0.267ns (0.871 - 0.604)
  Source Clock:         clk_BUFGP rising at 10.000ns
  Destination Clock:    clk_BUFGP rising at 10.000ns
  Clock Uncertainty:    0.000ns

  Minimum Data Path at Fast Process Corner: cd/counter_4 to cd/counter_10
    Location             Delay type         Delay(ns)  Physical Resource
                                                       Logical Resource(s)
    -------------------------------------------------  -------------------
    SLICE_X0Y99.AQ       Tcko                  0.141   cd/counter<7>
                                                       cd/counter_4
    SLICE_X0Y99.A3       net (fanout=2)        0.185   cd/counter<4>
    SLICE_X0Y99.COUT     Topcya                0.197   cd/counter<7>
                                                       cd/counter<4>_rt
                                                       cd/Mcount_counter_cy<7>
    SLICE_X0Y100.CIN     net (fanout=1)        0.001   cd/Mcount_counter_cy<7>
    SLICE_X0Y100.CLK     Tckcin      (-Th)     0.040   cd/counter<11>
                                                       cd/Mcount_counter_cy<11>
                                                       cd/counter_10
    -------------------------------------------------  ---------------------------
    Total                                      0.484ns (0.298ns logic, 0.186ns route)
                                                       (61.6% logic, 38.4% route)

--------------------------------------------------------------------------------

Paths for end point cd/counter_9 (SLICE_X0Y100.CIN), 8 paths
--------------------------------------------------------------------------------
Slack (hold path):      0.193ns (requirement - (clock path skew + uncertainty - data path))
  Source:               cd/counter_7 (FF)
  Destination:          cd/counter_9 (FF)
  Requirement:          0.000ns
  Data Path Delay:      0.460ns (Levels of Logic = 2)
  Clock Path Skew:      0.267ns (0.871 - 0.604)
  Source Clock:         clk_BUFGP rising at 10.000ns
  Destination Clock:    clk_BUFGP rising at 10.000ns
  Clock Uncertainty:    0.000ns

  Minimum Data Path at Fast Process Corner: cd/counter_7 to cd/counter_9
    Location             Delay type         Delay(ns)  Physical Resource
                                                       Logical Resource(s)
    -------------------------------------------------  -------------------
    SLICE_X0Y99.DQ       Tcko                  0.141   cd/counter<7>
                                                       cd/counter_7
    SLICE_X0Y99.D3       net (fanout=3)        0.173   cd/counter<7>
    SLICE_X0Y99.COUT     Topcyd                0.160   cd/counter<7>
                                                       cd/counter<7>_rt
                                                       cd/Mcount_counter_cy<7>
    SLICE_X0Y100.CIN     net (fanout=1)        0.001   cd/Mcount_counter_cy<7>
    SLICE_X0Y100.CLK     Tckcin      (-Th)     0.015   cd/counter<11>
                                                       cd/Mcount_counter_cy<11>
                                                       cd/counter_9
    -------------------------------------------------  ---------------------------
    Total                                      0.460ns (0.286ns logic, 0.174ns route)
                                                       (62.2% logic, 37.8% route)

--------------------------------------------------------------------------------
Slack (hold path):      0.232ns (requirement - (clock path skew + uncertainty - data path))
  Source:               cd/counter_3 (FF)
  Destination:          cd/counter_9 (FF)
  Requirement:          0.000ns
  Data Path Delay:      0.499ns (Levels of Logic = 3)
  Clock Path Skew:      0.267ns (0.871 - 0.604)
  Source Clock:         clk_BUFGP rising at 10.000ns
  Destination Clock:    clk_BUFGP rising at 10.000ns
  Clock Uncertainty:    0.000ns

  Minimum Data Path at Fast Process Corner: cd/counter_3 to cd/counter_9
    Location             Delay type         Delay(ns)  Physical Resource
                                                       Logical Resource(s)
    -------------------------------------------------  -------------------
    SLICE_X0Y98.DQ       Tcko                  0.141   cd/counter<3>
                                                       cd/counter_3
    SLICE_X0Y98.D3       net (fanout=2)        0.173   cd/counter<3>
    SLICE_X0Y98.COUT     Topcyd                0.160   cd/counter<3>
                                                       cd/counter<3>_rt
                                                       cd/Mcount_counter_cy<3>
    SLICE_X0Y99.CIN      net (fanout=1)        0.000   cd/Mcount_counter_cy<3>
    SLICE_X0Y99.COUT     Tbyp                  0.039   cd/counter<7>
                                                       cd/Mcount_counter_cy<7>
    SLICE_X0Y100.CIN     net (fanout=1)        0.001   cd/Mcount_counter_cy<7>
    SLICE_X0Y100.CLK     Tckcin      (-Th)     0.015   cd/counter<11>
                                                       cd/Mcount_counter_cy<11>
                                                       cd/counter_9
    -------------------------------------------------  ---------------------------
    Total                                      0.499ns (0.325ns logic, 0.174ns route)
                                                       (65.1% logic, 34.9% route)

--------------------------------------------------------------------------------
Slack (hold path):      0.242ns (requirement - (clock path skew + uncertainty - data path))
  Source:               cd/counter_4 (FF)
  Destination:          cd/counter_9 (FF)
  Requirement:          0.000ns
  Data Path Delay:      0.509ns (Levels of Logic = 2)
  Clock Path Skew:      0.267ns (0.871 - 0.604)
  Source Clock:         clk_BUFGP rising at 10.000ns
  Destination Clock:    clk_BUFGP rising at 10.000ns
  Clock Uncertainty:    0.000ns

  Minimum Data Path at Fast Process Corner: cd/counter_4 to cd/counter_9
    Location             Delay type         Delay(ns)  Physical Resource
                                                       Logical Resource(s)
    -------------------------------------------------  -------------------
    SLICE_X0Y99.AQ       Tcko                  0.141   cd/counter<7>
                                                       cd/counter_4
    SLICE_X0Y99.A3       net (fanout=2)        0.185   cd/counter<4>
    SLICE_X0Y99.COUT     Topcya                0.197   cd/counter<7>
                                                       cd/counter<4>_rt
                                                       cd/Mcount_counter_cy<7>
    SLICE_X0Y100.CIN     net (fanout=1)        0.001   cd/Mcount_counter_cy<7>
    SLICE_X0Y100.CLK     Tckcin      (-Th)     0.015   cd/counter<11>
                                                       cd/Mcount_counter_cy<11>
                                                       cd/counter_9
    -------------------------------------------------  ---------------------------
    Total                                      0.509ns (0.323ns logic, 0.186ns route)
                                                       (63.5% logic, 36.5% route)

--------------------------------------------------------------------------------

Component Switching Limit Checks: TS_sys_clk_pin = PERIOD TIMEGRP "sys_clk_pin" 100 MHz HIGH 50%;
--------------------------------------------------------------------------------
Slack: 7.845ns (period - min period limit)
  Period: 10.000ns
  Min period limit: 2.155ns (464.037MHz) (Tbcper_I(Fmax))
  Physical resource: clk_BUFGP/BUFG/I0
  Logical resource: clk_BUFGP/BUFG/I0
  Location pin: BUFGCTRL_X0Y31.I0
  Clock network: clk_BUFGP/IBUFG
--------------------------------------------------------------------------------
Slack: 9.000ns (period - (min low pulse limit / (low pulse / period)))
  Period: 10.000ns
  Low pulse: 5.000ns
  Low pulse limit: 0.500ns (Tcl)
  Physical resource: cd/counter<3>/CLK
  Logical resource: cd/counter_0/CK
  Location pin: SLICE_X0Y98.CLK
  Clock network: clk_BUFGP
--------------------------------------------------------------------------------
Slack: 9.000ns (period - (min high pulse limit / (high pulse / period)))
  Period: 10.000ns
  High pulse: 5.000ns
  High pulse limit: 0.500ns (Tch)
  Physical resource: cd/counter<3>/CLK
  Logical resource: cd/counter_0/CK
  Location pin: SLICE_X0Y98.CLK
  Clock network: clk_BUFGP
--------------------------------------------------------------------------------


All constraints were met.


Data Sheet report:
-----------------
All values displayed in nanoseconds (ns)

Clock to Setup on destination clock clk
---------------+---------+---------+---------+---------+
               | Src:Rise| Src:Fall| Src:Rise| Src:Fall|
Source Clock   |Dest:Rise|Dest:Rise|Dest:Fall|Dest:Fall|
---------------+---------+---------+---------+---------+
clk            |    3.944|         |         |         |
---------------+---------+---------+---------+---------+


Timing summary:
---------------

Timing errors: 0  Score: 0  (Setup/Max: 0, Hold: 0)

Constraints cover 2138 paths, 0 nets, and 118 connections

Design statistics:
   Minimum period:   3.944ns{1}   (Maximum frequency: 253.550MHz)


------------------------------------Footnotes-----------------------------------
1)  The minimum period statistic assumes all single cycle delays.

Analysis completed Wed Sep 14 17:31:48 2022 
--------------------------------------------------------------------------------

Trace Settings:
-------------------------
Trace Settings 

Peak Memory Usage: 5004 MB



