ISim log file
Running: /home/sidharth/Desktop/COA/KGP_miniRISC_Assignment/KGP_miniRISC/wrapper_RISC_sort_test_isim_beh.exe -intstyle ise -gui -tclbatch isim.cmd -wdb /home/sidharth/Desktop/COA/KGP_miniRISC_Assignment/KGP_miniRISC/wrapper_RISC_sort_test_isim_beh.wdb 
ISim P.20131013 (signature 0xfbc00daa)
WARNING: A WEBPACK license was found.
WARNING: Please use Xilinx License Configuration Manager to check out a full ISim license.
WARNING: ISim will run in Lite mode. Please refer to the ISim documentation for more information on the differences between the Lite and the Full version.
This is a Lite version of ISim.
WARNING: File "/home/sidharth/Desktop/COA/KGP_miniRISC_Assignment/KGP_miniRISC/wrapper_RISC.v" Line 24.  For instance uut/risc/, width 32 of formal port out is not equal to width 16 of actual signal out.
Time resolution is 1 ps
# onerror resume
# wave add /
# run 1000 ns
Simulator is doing circuit initialization process.
 Block Memory Generator CORE Generator module loading initial data...
 Block Memory Generator data initialization complete.
Block Memory Generator CORE Generator module wrapper_RISC_sort_test.uut.risc.IM.inst.\native_mem_module.blk_mem_gen_v7_3_inst  is using a behavioral model for simulation which will not precisely model memory collision behavior.
 Block Memory Generator CORE Generator module loading initial data...
 Block Memory Generator data initialization complete.
Block Memory Generator CORE Generator module wrapper_RISC_sort_test.uut.risc.dataMem.inst.\native_mem_module.blk_mem_gen_v7_3_inst  is using a behavioral model for simulation which will not precisely model memory collision behavior.
Finished circuit initialization process.
# run 1s
Stopped at time : 6000605 ns : File "/home/sidharth/Desktop/COA/KGP_miniRISC_Assignment/KGP_miniRISC/wrapper_RISC_sort_test.v" Line 71
# exit 0
