#! /usr/bin/vvp
:ivl_version "10.3 (stable)";
:ivl_delay_selection "TYPICAL";
:vpi_time_precision - 12;
:vpi_module "system";
:vpi_module "vhdl_sys";
:vpi_module "v2005_math";
:vpi_module "va_math";
S_0x558967480ee0 .scope module, "wrapper_RCA_16bit" "wrapper_RCA_16bit" 2 21;
 .timescale -9 -12;
    .port_info 0 /INPUT 1 "clk"
    .port_info 1 /INPUT 1 "rst"
    .port_info 2 /INPUT 16 "in1"
    .port_info 3 /INPUT 16 "in2"
    .port_info 4 /INPUT 1 "cin"
    .port_info 5 /OUTPUT 16 "out"
    .port_info 6 /OUTPUT 1 "cout"
v0x5589674efa50_0 .var "c_in", 0 0;
o0x7f35b0e977b8 .functor BUFZ 1, C4<z>; HiZ drive
v0x5589674efb10_0 .net "cin", 0 0, o0x7f35b0e977b8;  0 drivers
o0x7f35b0e977e8 .functor BUFZ 1, C4<z>; HiZ drive
v0x5589674efbd0_0 .net "clk", 0 0, o0x7f35b0e977e8;  0 drivers
v0x5589674efc70_0 .var "cout", 0 0;
v0x5589674efd30_0 .net "cout_net", 0 0, L_0x5589674f8a70;  1 drivers
o0x7f35b0e97848 .functor BUFZ 16, C4<zzzzzzzzzzzzzzzz>; HiZ drive
v0x5589674efdd0_0 .net "in1", 15 0, o0x7f35b0e97848;  0 drivers
v0x5589674efeb0_0 .var "in1_reg", 15 0;
o0x7f35b0e97878 .functor BUFZ 16, C4<zzzzzzzzzzzzzzzz>; HiZ drive
v0x5589674eff70_0 .net "in2", 15 0, o0x7f35b0e97878;  0 drivers
v0x5589674f0030_0 .var "in2_reg", 15 0;
v0x5589674f01b0_0 .var "out", 15 0;
RS_0x7f35b0e97338 .resolv tri, L_0x5589674f4990, L_0x5589674f7020, L_0x5589674f94e0;
v0x5589674f0270_0 .net8 "out_net", 15 0, RS_0x7f35b0e97338;  3 drivers
o0x7f35b0e978d8 .functor BUFZ 1, C4<z>; HiZ drive
v0x5589674f0360_0 .net "rst", 0 0, o0x7f35b0e978d8;  0 drivers
E_0x55896747dd10 .event posedge, v0x5589674efbd0_0;
S_0x5589674ba8f0 .scope module, "rca_16bit" "RCA_16bit" 2 48, 3 21 0, S_0x558967480ee0;
 .timescale -9 -12;
    .port_info 0 /INPUT 16 "A"
    .port_info 1 /INPUT 16 "B"
    .port_info 2 /INPUT 1 "cin"
    .port_info 3 /OUTPUT 16 "S"
    .port_info 4 /OUTPUT 1 "cout"
v0x5589674ee1a0_0 .net "A", 15 0, v0x5589674efeb0_0;  1 drivers
v0x5589674ee2a0_0 .net "B", 15 0, v0x5589674f0030_0;  1 drivers
v0x5589674ee380_0 .net8 "S", 15 0, RS_0x7f35b0e97338;  alias, 3 drivers
v0x5589674ee440_0 .net *"_s1", 7 0, L_0x5589674f23f0;  1 drivers
L_0x7f35b0e4a018 .functor BUFT 1, C4<0000>, C4<0>, C4<0>, C4<0>;
v0x5589674ee520_0 .net *"_s13", 3 0, L_0x7f35b0e4a018;  1 drivers
v0x5589674ee650_0 .net *"_s14", 7 0, L_0x5589674f2670;  1 drivers
v0x5589674ee730_0 .net *"_s18", 7 0, L_0x5589674f4580;  1 drivers
v0x5589674ee810_0 .net *"_s22", 7 0, L_0x5589674f4700;  1 drivers
v0x5589674ee8f0_0 .net *"_s27", 7 0, L_0x5589674f4a30;  1 drivers
L_0x7f35b0e4a060 .functor BUFT 1, C4<0000>, C4<0>, C4<0>, C4<0>;
v0x5589674ee9d0_0 .net *"_s33", 3 0, L_0x7f35b0e4a060;  1 drivers
v0x5589674eeab0_0 .net *"_s34", 7 0, L_0x5589674f4a30;  alias, 1 drivers
v0x5589674eeb70_0 .net *"_s38", 7 0, L_0x5589674f6ad0;  1 drivers
v0x5589674eec30_0 .net *"_s42", 7 0, L_0x5589674f6d20;  1 drivers
v0x5589674eed10_0 .net *"_s47", 7 0, L_0x5589674f7160;  1 drivers
v0x5589674eedf0_0 .net *"_s5", 7 0, L_0x5589674f2530;  1 drivers
L_0x7f35b0e4a0a8 .functor BUFT 1, C4<0000>, C4<0>, C4<0>, C4<0>;
v0x5589674eeed0_0 .net *"_s52", 3 0, L_0x7f35b0e4a0a8;  1 drivers
v0x5589674eefb0_0 .net *"_s53", 7 0, L_0x5589674f7160;  alias, 1 drivers
v0x5589674ef1b0_0 .net *"_s57", 7 0, L_0x5589674f9020;  1 drivers
v0x5589674ef270_0 .net *"_s61", 7 0, L_0x5589674f9170;  1 drivers
v0x5589674ef350_0 .net *"_s66", 7 0, L_0x5589674f9610;  1 drivers
L_0x7f35b0e4a0f0 .functor BUFT 1, C4<0000>, C4<0>, C4<0>, C4<0>;
v0x5589674ef430_0 .net *"_s71", 3 0, L_0x7f35b0e4a0f0;  1 drivers
v0x5589674ef510_0 .net *"_s72", 7 0, L_0x5589674f9610;  alias, 1 drivers
o0x7f35b0e97668 .functor BUFZ 1, C4<z>; HiZ drive
; Elide local net with no drivers, v0x5589674ef600_0 name=_s75
v0x5589674ef6c0_0 .net *"_s8", 7 0, L_0x5589674f2670;  alias, 1 drivers
v0x5589674ef7b0_0 .net "cin", 0 0, v0x5589674efa50_0;  1 drivers
v0x5589674ef850_0 .net "cout", 0 0, L_0x5589674f8a70;  alias, 1 drivers
v0x5589674ef8f0_0 .net "temp_cout", 3 0, L_0x5589674f9790;  1 drivers
L_0x5589674f23f0 .part v0x5589674efeb0_0, 0, 8;
L_0x5589674f2490 .part L_0x5589674f23f0, 0, 4;
L_0x5589674f2530 .part v0x5589674f0030_0, 0, 8;
L_0x5589674f25d0 .part L_0x5589674f2530, 0, 4;
L_0x5589674f2670 .concat [ 4 4 0 0], L_0x5589674f2350, L_0x7f35b0e4a018;
L_0x5589674f4580 .part v0x5589674efeb0_0, 8, 8;
L_0x5589674f4660 .part L_0x5589674f4580, 0, 4;
L_0x5589674f4700 .part v0x5589674f0030_0, 8, 8;
L_0x5589674f47f0 .part L_0x5589674f4700, 0, 4;
L_0x5589674f4890 .part L_0x5589674f9790, 0, 1;
L_0x5589674f4990 .concat8 [ 8 8 0 0], L_0x5589674f2670, L_0x5589674f4a30;
L_0x5589674f4a30 .concat [ 4 4 0 0], L_0x5589674f44e0, L_0x7f35b0e4a060;
L_0x5589674f6ad0 .part v0x5589674efeb0_0, 0, 8;
L_0x5589674f6c00 .part L_0x5589674f6ad0, 0, 4;
L_0x5589674f6d20 .part v0x5589674f0030_0, 0, 8;
L_0x5589674f6e50 .part L_0x5589674f6d20, 0, 4;
L_0x5589674f6f80 .part L_0x5589674f9790, 1, 1;
L_0x5589674f7020 .part/pv L_0x5589674f7160, 0, 8, 16;
L_0x5589674f7160 .concat [ 4 4 0 0], L_0x5589674f6a30, L_0x7f35b0e4a0a8;
L_0x5589674f9020 .part v0x5589674efeb0_0, 0, 8;
L_0x5589674f70c0 .part L_0x5589674f9020, 0, 4;
L_0x5589674f9170 .part v0x5589674f0030_0, 0, 8;
L_0x5589674f92d0 .part L_0x5589674f9170, 0, 4;
L_0x5589674f9370 .part L_0x5589674f9790, 2, 1;
L_0x5589674f94e0 .part/pv L_0x5589674f9610, 0, 8, 16;
L_0x5589674f9610 .concat [ 4 4 0 0], L_0x5589674f8f80, L_0x7f35b0e4a0f0;
L_0x5589674f9790 .concat [ 1 1 1 1], L_0x5589674f1e80, L_0x5589674f4010, L_0x5589674f6560, o0x7f35b0e97668;
S_0x5589674b94e0 .scope module, "rca_4bit_0" "RCA_4bit" 3 29, 4 21 0, S_0x5589674ba8f0;
 .timescale -9 -12;
    .port_info 0 /INPUT 4 "A"
    .port_info 1 /INPUT 4 "B"
    .port_info 2 /INPUT 1 "cin"
    .port_info 3 /OUTPUT 4 "S"
    .port_info 4 /OUTPUT 1 "cout"
v0x5589674dbd80_0 .net "A", 3 0, L_0x5589674f2490;  1 drivers
v0x5589674dbe80_0 .net "B", 3 0, L_0x5589674f25d0;  1 drivers
v0x5589674dbf60_0 .net "S", 3 0, L_0x5589674f2350;  1 drivers
v0x5589674dc020_0 .net "c1", 0 0, L_0x5589674f08e0;  1 drivers
v0x5589674dc0c0_0 .net "c2", 0 0, L_0x5589674f0fc0;  1 drivers
v0x5589674dc1b0_0 .net "c3", 0 0, L_0x5589674f1740;  1 drivers
v0x5589674dc250_0 .net "cin", 0 0, v0x5589674efa50_0;  alias, 1 drivers
v0x5589674dc340_0 .net "cout", 0 0, L_0x5589674f1e80;  1 drivers
L_0x5589674f0a20 .part L_0x5589674f2490, 0, 1;
L_0x5589674f0b50 .part L_0x5589674f25d0, 0, 1;
L_0x5589674f1100 .part L_0x5589674f2490, 1, 1;
L_0x5589674f1230 .part L_0x5589674f25d0, 1, 1;
L_0x5589674f1880 .part L_0x5589674f2490, 2, 1;
L_0x5589674f19b0 .part L_0x5589674f25d0, 2, 1;
L_0x5589674f1f80 .part L_0x5589674f2490, 3, 1;
L_0x5589674f2140 .part L_0x5589674f25d0, 3, 1;
L_0x5589674f2350 .concat8 [ 1 1 1 1], L_0x5589674f06c0, L_0x5589674f0da0, L_0x5589674f1520, L_0x5589674f1c60;
S_0x5589674bbc70 .scope module, "fa0" "full_addr" 4 29, 5 21 0, S_0x5589674b94e0;
 .timescale -9 -12;
    .port_info 0 /INPUT 1 "a"
    .port_info 1 /INPUT 1 "b"
    .port_info 2 /INPUT 1 "cin"
    .port_info 3 /OUTPUT 1 "cout"
    .port_info 4 /OUTPUT 1 "sum"
L_0x5589674f08e0 .functor OR 1, L_0x5589674f05e0, L_0x5589674f0850, C4<0>, C4<0>;
v0x5589674d76c0_0 .net "a", 0 0, L_0x5589674f0a20;  1 drivers
v0x5589674d7780_0 .net "b", 0 0, L_0x5589674f0b50;  1 drivers
v0x5589674d7850_0 .net "cin", 0 0, v0x5589674efa50_0;  alias, 1 drivers
v0x5589674d7950_0 .net "cout", 0 0, L_0x5589674f08e0;  alias, 1 drivers
v0x5589674d79f0_0 .net "sum", 0 0, L_0x5589674f06c0;  1 drivers
v0x5589674d7ae0_0 .net "w1", 0 0, L_0x5589674f05e0;  1 drivers
v0x5589674d7bb0_0 .net "w2", 0 0, L_0x5589674f04e0;  1 drivers
v0x5589674d7ca0_0 .net "w3", 0 0, L_0x5589674f0850;  1 drivers
S_0x5589674b90d0 .scope module, "ha1" "half_addr" 5 27, 6 21 0, S_0x5589674bbc70;
 .timescale -9 -12;
    .port_info 0 /INPUT 1 "a"
    .port_info 1 /INPUT 1 "b"
    .port_info 2 /OUTPUT 1 "cout"
    .port_info 3 /OUTPUT 1 "sum"
L_0x5589674f04e0 .functor XOR 1, L_0x5589674f0a20, L_0x5589674f0b50, C4<0>, C4<0>;
L_0x5589674f05e0 .functor AND 1, L_0x5589674f0a20, L_0x5589674f0b50, C4<1>, C4<1>;
v0x558967480cf0_0 .net "a", 0 0, L_0x5589674f0a20;  alias, 1 drivers
v0x5589674b8450_0 .net "b", 0 0, L_0x5589674f0b50;  alias, 1 drivers
v0x5589674aa110_0 .net "cout", 0 0, L_0x5589674f05e0;  alias, 1 drivers
v0x5589674aac40_0 .net "sum", 0 0, L_0x5589674f04e0;  alias, 1 drivers
S_0x5589674d70b0 .scope module, "ha2" "half_addr" 5 28, 6 21 0, S_0x5589674bbc70;
 .timescale -9 -12;
    .port_info 0 /INPUT 1 "a"
    .port_info 1 /INPUT 1 "b"
    .port_info 2 /OUTPUT 1 "cout"
    .port_info 3 /OUTPUT 1 "sum"
L_0x5589674f06c0 .functor XOR 1, L_0x5589674f04e0, v0x5589674efa50_0, C4<0>, C4<0>;
L_0x5589674f0850 .functor AND 1, L_0x5589674f04e0, v0x5589674efa50_0, C4<1>, C4<1>;
v0x5589674d7310_0 .net "a", 0 0, L_0x5589674f04e0;  alias, 1 drivers
v0x5589674d73e0_0 .net "b", 0 0, v0x5589674efa50_0;  alias, 1 drivers
v0x5589674d7480_0 .net "cout", 0 0, L_0x5589674f0850;  alias, 1 drivers
v0x5589674d7550_0 .net "sum", 0 0, L_0x5589674f06c0;  alias, 1 drivers
S_0x5589674d7d70 .scope module, "fa1" "full_addr" 4 30, 5 21 0, S_0x5589674b94e0;
 .timescale -9 -12;
    .port_info 0 /INPUT 1 "a"
    .port_info 1 /INPUT 1 "b"
    .port_info 2 /INPUT 1 "cin"
    .port_info 3 /OUTPUT 1 "cout"
    .port_info 4 /OUTPUT 1 "sum"
L_0x5589674f0fc0 .functor OR 1, L_0x5589674f0d10, L_0x5589674f0f30, C4<0>, C4<0>;
v0x5589674d8c10_0 .net "a", 0 0, L_0x5589674f1100;  1 drivers
v0x5589674d8cd0_0 .net "b", 0 0, L_0x5589674f1230;  1 drivers
v0x5589674d8da0_0 .net "cin", 0 0, L_0x5589674f08e0;  alias, 1 drivers
v0x5589674d8ec0_0 .net "cout", 0 0, L_0x5589674f0fc0;  alias, 1 drivers
v0x5589674d8f60_0 .net "sum", 0 0, L_0x5589674f0da0;  1 drivers
v0x5589674d9050_0 .net "w1", 0 0, L_0x5589674f0d10;  1 drivers
v0x5589674d90f0_0 .net "w2", 0 0, L_0x5589674f0c80;  1 drivers
v0x5589674d91e0_0 .net "w3", 0 0, L_0x5589674f0f30;  1 drivers
S_0x5589674d7fc0 .scope module, "ha1" "half_addr" 5 27, 6 21 0, S_0x5589674d7d70;
 .timescale -9 -12;
    .port_info 0 /INPUT 1 "a"
    .port_info 1 /INPUT 1 "b"
    .port_info 2 /OUTPUT 1 "cout"
    .port_info 3 /OUTPUT 1 "sum"
L_0x5589674f0c80 .functor XOR 1, L_0x5589674f1100, L_0x5589674f1230, C4<0>, C4<0>;
L_0x5589674f0d10 .functor AND 1, L_0x5589674f1100, L_0x5589674f1230, C4<1>, C4<1>;
v0x5589674d8230_0 .net "a", 0 0, L_0x5589674f1100;  alias, 1 drivers
v0x5589674d8310_0 .net "b", 0 0, L_0x5589674f1230;  alias, 1 drivers
v0x5589674d83d0_0 .net "cout", 0 0, L_0x5589674f0d10;  alias, 1 drivers
v0x5589674d84a0_0 .net "sum", 0 0, L_0x5589674f0c80;  alias, 1 drivers
S_0x5589674d8610 .scope module, "ha2" "half_addr" 5 28, 6 21 0, S_0x5589674d7d70;
 .timescale -9 -12;
    .port_info 0 /INPUT 1 "a"
    .port_info 1 /INPUT 1 "b"
    .port_info 2 /OUTPUT 1 "cout"
    .port_info 3 /OUTPUT 1 "sum"
L_0x5589674f0da0 .functor XOR 1, L_0x5589674f0c80, L_0x5589674f08e0, C4<0>, C4<0>;
L_0x5589674f0f30 .functor AND 1, L_0x5589674f0c80, L_0x5589674f08e0, C4<1>, C4<1>;
v0x5589674d8870_0 .net "a", 0 0, L_0x5589674f0c80;  alias, 1 drivers
v0x5589674d8940_0 .net "b", 0 0, L_0x5589674f08e0;  alias, 1 drivers
v0x5589674d8a10_0 .net "cout", 0 0, L_0x5589674f0f30;  alias, 1 drivers
v0x5589674d8ae0_0 .net "sum", 0 0, L_0x5589674f0da0;  alias, 1 drivers
S_0x5589674d92b0 .scope module, "fa2" "full_addr" 4 31, 5 21 0, S_0x5589674b94e0;
 .timescale -9 -12;
    .port_info 0 /INPUT 1 "a"
    .port_info 1 /INPUT 1 "b"
    .port_info 2 /INPUT 1 "cin"
    .port_info 3 /OUTPUT 1 "cout"
    .port_info 4 /OUTPUT 1 "sum"
L_0x5589674f1740 .functor OR 1, L_0x5589674f1440, L_0x5589674f16b0, C4<0>, C4<0>;
v0x5589674da180_0 .net "a", 0 0, L_0x5589674f1880;  1 drivers
v0x5589674da240_0 .net "b", 0 0, L_0x5589674f19b0;  1 drivers
v0x5589674da310_0 .net "cin", 0 0, L_0x5589674f0fc0;  alias, 1 drivers
v0x5589674da430_0 .net "cout", 0 0, L_0x5589674f1740;  alias, 1 drivers
v0x5589674da4d0_0 .net "sum", 0 0, L_0x5589674f1520;  1 drivers
v0x5589674da5c0_0 .net "w1", 0 0, L_0x5589674f1440;  1 drivers
v0x5589674da660_0 .net "w2", 0 0, L_0x5589674f1360;  1 drivers
v0x5589674da750_0 .net "w3", 0 0, L_0x5589674f16b0;  1 drivers
S_0x5589674d9530 .scope module, "ha1" "half_addr" 5 27, 6 21 0, S_0x5589674d92b0;
 .timescale -9 -12;
    .port_info 0 /INPUT 1 "a"
    .port_info 1 /INPUT 1 "b"
    .port_info 2 /OUTPUT 1 "cout"
    .port_info 3 /OUTPUT 1 "sum"
L_0x5589674f1360 .functor XOR 1, L_0x5589674f1880, L_0x5589674f19b0, C4<0>, C4<0>;
L_0x5589674f1440 .functor AND 1, L_0x5589674f1880, L_0x5589674f19b0, C4<1>, C4<1>;
v0x5589674d97a0_0 .net "a", 0 0, L_0x5589674f1880;  alias, 1 drivers
v0x5589674d9880_0 .net "b", 0 0, L_0x5589674f19b0;  alias, 1 drivers
v0x5589674d9940_0 .net "cout", 0 0, L_0x5589674f1440;  alias, 1 drivers
v0x5589674d9a10_0 .net "sum", 0 0, L_0x5589674f1360;  alias, 1 drivers
S_0x5589674d9b80 .scope module, "ha2" "half_addr" 5 28, 6 21 0, S_0x5589674d92b0;
 .timescale -9 -12;
    .port_info 0 /INPUT 1 "a"
    .port_info 1 /INPUT 1 "b"
    .port_info 2 /OUTPUT 1 "cout"
    .port_info 3 /OUTPUT 1 "sum"
L_0x5589674f1520 .functor XOR 1, L_0x5589674f1360, L_0x5589674f0fc0, C4<0>, C4<0>;
L_0x5589674f16b0 .functor AND 1, L_0x5589674f1360, L_0x5589674f0fc0, C4<1>, C4<1>;
v0x5589674d9de0_0 .net "a", 0 0, L_0x5589674f1360;  alias, 1 drivers
v0x5589674d9eb0_0 .net "b", 0 0, L_0x5589674f0fc0;  alias, 1 drivers
v0x5589674d9f80_0 .net "cout", 0 0, L_0x5589674f16b0;  alias, 1 drivers
v0x5589674da050_0 .net "sum", 0 0, L_0x5589674f1520;  alias, 1 drivers
S_0x5589674da820 .scope module, "fa3" "full_addr" 4 32, 5 21 0, S_0x5589674b94e0;
 .timescale -9 -12;
    .port_info 0 /INPUT 1 "a"
    .port_info 1 /INPUT 1 "b"
    .port_info 2 /INPUT 1 "cin"
    .port_info 3 /OUTPUT 1 "cout"
    .port_info 4 /OUTPUT 1 "sum"
L_0x5589674f1e80 .functor OR 1, L_0x5589674f1bd0, L_0x5589674f1df0, C4<0>, C4<0>;
v0x5589674db6e0_0 .net "a", 0 0, L_0x5589674f1f80;  1 drivers
v0x5589674db7a0_0 .net "b", 0 0, L_0x5589674f2140;  1 drivers
v0x5589674db870_0 .net "cin", 0 0, L_0x5589674f1740;  alias, 1 drivers
v0x5589674db990_0 .net "cout", 0 0, L_0x5589674f1e80;  alias, 1 drivers
v0x5589674dba30_0 .net "sum", 0 0, L_0x5589674f1c60;  1 drivers
v0x5589674dbb20_0 .net "w1", 0 0, L_0x5589674f1bd0;  1 drivers
v0x5589674dbbc0_0 .net "w2", 0 0, L_0x5589674f1b20;  1 drivers
v0x5589674dbcb0_0 .net "w3", 0 0, L_0x5589674f1df0;  1 drivers
S_0x5589674daa70 .scope module, "ha1" "half_addr" 5 27, 6 21 0, S_0x5589674da820;
 .timescale -9 -12;
    .port_info 0 /INPUT 1 "a"
    .port_info 1 /INPUT 1 "b"
    .port_info 2 /OUTPUT 1 "cout"
    .port_info 3 /OUTPUT 1 "sum"
L_0x5589674f1b20 .functor XOR 1, L_0x5589674f1f80, L_0x5589674f2140, C4<0>, C4<0>;
L_0x5589674f1bd0 .functor AND 1, L_0x5589674f1f80, L_0x5589674f2140, C4<1>, C4<1>;
v0x5589674dad00_0 .net "a", 0 0, L_0x5589674f1f80;  alias, 1 drivers
v0x5589674dade0_0 .net "b", 0 0, L_0x5589674f2140;  alias, 1 drivers
v0x5589674daea0_0 .net "cout", 0 0, L_0x5589674f1bd0;  alias, 1 drivers
v0x5589674daf70_0 .net "sum", 0 0, L_0x5589674f1b20;  alias, 1 drivers
S_0x5589674db0e0 .scope module, "ha2" "half_addr" 5 28, 6 21 0, S_0x5589674da820;
 .timescale -9 -12;
    .port_info 0 /INPUT 1 "a"
    .port_info 1 /INPUT 1 "b"
    .port_info 2 /OUTPUT 1 "cout"
    .port_info 3 /OUTPUT 1 "sum"
L_0x5589674f1c60 .functor XOR 1, L_0x5589674f1b20, L_0x5589674f1740, C4<0>, C4<0>;
L_0x5589674f1df0 .functor AND 1, L_0x5589674f1b20, L_0x5589674f1740, C4<1>, C4<1>;
v0x5589674db340_0 .net "a", 0 0, L_0x5589674f1b20;  alias, 1 drivers
v0x5589674db410_0 .net "b", 0 0, L_0x5589674f1740;  alias, 1 drivers
v0x5589674db4e0_0 .net "cout", 0 0, L_0x5589674f1df0;  alias, 1 drivers
v0x5589674db5b0_0 .net "sum", 0 0, L_0x5589674f1c60;  alias, 1 drivers
S_0x5589674dc460 .scope module, "rca_4bit_1" "RCA_4bit" 3 30, 4 21 0, S_0x5589674ba8f0;
 .timescale -9 -12;
    .port_info 0 /INPUT 4 "A"
    .port_info 1 /INPUT 4 "B"
    .port_info 2 /INPUT 1 "cin"
    .port_info 3 /OUTPUT 4 "S"
    .port_info 4 /OUTPUT 1 "cout"
v0x5589674e1c90_0 .net "A", 3 0, L_0x5589674f4660;  1 drivers
v0x5589674e1d90_0 .net "B", 3 0, L_0x5589674f47f0;  1 drivers
v0x5589674e1e70_0 .net "S", 3 0, L_0x5589674f44e0;  1 drivers
v0x5589674e1f30_0 .net "c1", 0 0, L_0x5589674f2c20;  1 drivers
v0x5589674e1fd0_0 .net "c2", 0 0, L_0x5589674f31d0;  1 drivers
v0x5589674e20c0_0 .net "c3", 0 0, L_0x5589674f38d0;  1 drivers
v0x5589674e2160_0 .net "cin", 0 0, L_0x5589674f4890;  1 drivers
v0x5589674e2250_0 .net "cout", 0 0, L_0x5589674f4010;  1 drivers
L_0x5589674f2d20 .part L_0x5589674f4660, 0, 1;
L_0x5589674f2e50 .part L_0x5589674f47f0, 0, 1;
L_0x5589674f32d0 .part L_0x5589674f4660, 1, 1;
L_0x5589674f3400 .part L_0x5589674f47f0, 1, 1;
L_0x5589674f3a10 .part L_0x5589674f4660, 2, 1;
L_0x5589674f3b40 .part L_0x5589674f47f0, 2, 1;
L_0x5589674f4110 .part L_0x5589674f4660, 3, 1;
L_0x5589674f42d0 .part L_0x5589674f47f0, 3, 1;
L_0x5589674f44e0 .concat8 [ 1 1 1 1], L_0x5589674f29d0, L_0x5589674f3060, L_0x5589674f36b0, L_0x5589674f3df0;
S_0x5589674dc6d0 .scope module, "fa0" "full_addr" 4 29, 5 21 0, S_0x5589674dc460;
 .timescale -9 -12;
    .port_info 0 /INPUT 1 "a"
    .port_info 1 /INPUT 1 "b"
    .port_info 2 /INPUT 1 "cin"
    .port_info 3 /OUTPUT 1 "cout"
    .port_info 4 /OUTPUT 1 "sum"
L_0x5589674f2c20 .functor OR 1, L_0x5589674f2910, L_0x5589674f2b20, C4<0>, C4<0>;
v0x5589674dd5d0_0 .net "a", 0 0, L_0x5589674f2d20;  1 drivers
v0x5589674dd690_0 .net "b", 0 0, L_0x5589674f2e50;  1 drivers
v0x5589674dd760_0 .net "cin", 0 0, L_0x5589674f4890;  alias, 1 drivers
v0x5589674dd860_0 .net "cout", 0 0, L_0x5589674f2c20;  alias, 1 drivers
v0x5589674dd900_0 .net "sum", 0 0, L_0x5589674f29d0;  1 drivers
v0x5589674dd9f0_0 .net "w1", 0 0, L_0x5589674f2910;  1 drivers
v0x5589674ddac0_0 .net "w2", 0 0, L_0x5589674f2800;  1 drivers
v0x5589674ddbb0_0 .net "w3", 0 0, L_0x5589674f2b20;  1 drivers
S_0x5589674dc950 .scope module, "ha1" "half_addr" 5 27, 6 21 0, S_0x5589674dc6d0;
 .timescale -9 -12;
    .port_info 0 /INPUT 1 "a"
    .port_info 1 /INPUT 1 "b"
    .port_info 2 /OUTPUT 1 "cout"
    .port_info 3 /OUTPUT 1 "sum"
L_0x5589674f2800 .functor XOR 1, L_0x5589674f2d20, L_0x5589674f2e50, C4<0>, C4<0>;
L_0x5589674f2910 .functor AND 1, L_0x5589674f2d20, L_0x5589674f2e50, C4<1>, C4<1>;
v0x5589674dcbe0_0 .net "a", 0 0, L_0x5589674f2d20;  alias, 1 drivers
v0x5589674dccc0_0 .net "b", 0 0, L_0x5589674f2e50;  alias, 1 drivers
v0x5589674dcd80_0 .net "cout", 0 0, L_0x5589674f2910;  alias, 1 drivers
v0x5589674dce50_0 .net "sum", 0 0, L_0x5589674f2800;  alias, 1 drivers
S_0x5589674dcfc0 .scope module, "ha2" "half_addr" 5 28, 6 21 0, S_0x5589674dc6d0;
 .timescale -9 -12;
    .port_info 0 /INPUT 1 "a"
    .port_info 1 /INPUT 1 "b"
    .port_info 2 /OUTPUT 1 "cout"
    .port_info 3 /OUTPUT 1 "sum"
L_0x5589674f29d0 .functor XOR 1, L_0x5589674f2800, L_0x5589674f4890, C4<0>, C4<0>;
L_0x5589674f2b20 .functor AND 1, L_0x5589674f2800, L_0x5589674f4890, C4<1>, C4<1>;
v0x5589674dd220_0 .net "a", 0 0, L_0x5589674f2800;  alias, 1 drivers
v0x5589674dd2f0_0 .net "b", 0 0, L_0x5589674f4890;  alias, 1 drivers
v0x5589674dd390_0 .net "cout", 0 0, L_0x5589674f2b20;  alias, 1 drivers
v0x5589674dd460_0 .net "sum", 0 0, L_0x5589674f29d0;  alias, 1 drivers
S_0x5589674ddc80 .scope module, "fa1" "full_addr" 4 30, 5 21 0, S_0x5589674dc460;
 .timescale -9 -12;
    .port_info 0 /INPUT 1 "a"
    .port_info 1 /INPUT 1 "b"
    .port_info 2 /INPUT 1 "cin"
    .port_info 3 /OUTPUT 1 "cout"
    .port_info 4 /OUTPUT 1 "sum"
L_0x5589674f31d0 .functor OR 1, L_0x5589674f2ff0, L_0x5589674f3160, C4<0>, C4<0>;
v0x5589674deb20_0 .net "a", 0 0, L_0x5589674f32d0;  1 drivers
v0x5589674debe0_0 .net "b", 0 0, L_0x5589674f3400;  1 drivers
v0x5589674decb0_0 .net "cin", 0 0, L_0x5589674f2c20;  alias, 1 drivers
v0x5589674dedd0_0 .net "cout", 0 0, L_0x5589674f31d0;  alias, 1 drivers
v0x5589674dee70_0 .net "sum", 0 0, L_0x5589674f3060;  1 drivers
v0x5589674def60_0 .net "w1", 0 0, L_0x5589674f2ff0;  1 drivers
v0x5589674df000_0 .net "w2", 0 0, L_0x5589674f2f80;  1 drivers
v0x5589674df0f0_0 .net "w3", 0 0, L_0x5589674f3160;  1 drivers
S_0x5589674dded0 .scope module, "ha1" "half_addr" 5 27, 6 21 0, S_0x5589674ddc80;
 .timescale -9 -12;
    .port_info 0 /INPUT 1 "a"
    .port_info 1 /INPUT 1 "b"
    .port_info 2 /OUTPUT 1 "cout"
    .port_info 3 /OUTPUT 1 "sum"
L_0x5589674f2f80 .functor XOR 1, L_0x5589674f32d0, L_0x5589674f3400, C4<0>, C4<0>;
L_0x5589674f2ff0 .functor AND 1, L_0x5589674f32d0, L_0x5589674f3400, C4<1>, C4<1>;
v0x5589674de140_0 .net "a", 0 0, L_0x5589674f32d0;  alias, 1 drivers
v0x5589674de220_0 .net "b", 0 0, L_0x5589674f3400;  alias, 1 drivers
v0x5589674de2e0_0 .net "cout", 0 0, L_0x5589674f2ff0;  alias, 1 drivers
v0x5589674de3b0_0 .net "sum", 0 0, L_0x5589674f2f80;  alias, 1 drivers
S_0x5589674de520 .scope module, "ha2" "half_addr" 5 28, 6 21 0, S_0x5589674ddc80;
 .timescale -9 -12;
    .port_info 0 /INPUT 1 "a"
    .port_info 1 /INPUT 1 "b"
    .port_info 2 /OUTPUT 1 "cout"
    .port_info 3 /OUTPUT 1 "sum"
L_0x5589674f3060 .functor XOR 1, L_0x5589674f2f80, L_0x5589674f2c20, C4<0>, C4<0>;
L_0x5589674f3160 .functor AND 1, L_0x5589674f2f80, L_0x5589674f2c20, C4<1>, C4<1>;
v0x5589674de780_0 .net "a", 0 0, L_0x5589674f2f80;  alias, 1 drivers
v0x5589674de850_0 .net "b", 0 0, L_0x5589674f2c20;  alias, 1 drivers
v0x5589674de920_0 .net "cout", 0 0, L_0x5589674f3160;  alias, 1 drivers
v0x5589674de9f0_0 .net "sum", 0 0, L_0x5589674f3060;  alias, 1 drivers
S_0x5589674df1c0 .scope module, "fa2" "full_addr" 4 31, 5 21 0, S_0x5589674dc460;
 .timescale -9 -12;
    .port_info 0 /INPUT 1 "a"
    .port_info 1 /INPUT 1 "b"
    .port_info 2 /INPUT 1 "cin"
    .port_info 3 /OUTPUT 1 "cout"
    .port_info 4 /OUTPUT 1 "sum"
L_0x5589674f38d0 .functor OR 1, L_0x5589674f35f0, L_0x5589674f3840, C4<0>, C4<0>;
v0x5589674e0090_0 .net "a", 0 0, L_0x5589674f3a10;  1 drivers
v0x5589674e0150_0 .net "b", 0 0, L_0x5589674f3b40;  1 drivers
v0x5589674e0220_0 .net "cin", 0 0, L_0x5589674f31d0;  alias, 1 drivers
v0x5589674e0340_0 .net "cout", 0 0, L_0x5589674f38d0;  alias, 1 drivers
v0x5589674e03e0_0 .net "sum", 0 0, L_0x5589674f36b0;  1 drivers
v0x5589674e04d0_0 .net "w1", 0 0, L_0x5589674f35f0;  1 drivers
v0x5589674e0570_0 .net "w2", 0 0, L_0x5589674f3530;  1 drivers
v0x5589674e0660_0 .net "w3", 0 0, L_0x5589674f3840;  1 drivers
S_0x5589674df440 .scope module, "ha1" "half_addr" 5 27, 6 21 0, S_0x5589674df1c0;
 .timescale -9 -12;
    .port_info 0 /INPUT 1 "a"
    .port_info 1 /INPUT 1 "b"
    .port_info 2 /OUTPUT 1 "cout"
    .port_info 3 /OUTPUT 1 "sum"
L_0x5589674f3530 .functor XOR 1, L_0x5589674f3a10, L_0x5589674f3b40, C4<0>, C4<0>;
L_0x5589674f35f0 .functor AND 1, L_0x5589674f3a10, L_0x5589674f3b40, C4<1>, C4<1>;
v0x5589674df6b0_0 .net "a", 0 0, L_0x5589674f3a10;  alias, 1 drivers
v0x5589674df790_0 .net "b", 0 0, L_0x5589674f3b40;  alias, 1 drivers
v0x5589674df850_0 .net "cout", 0 0, L_0x5589674f35f0;  alias, 1 drivers
v0x5589674df920_0 .net "sum", 0 0, L_0x5589674f3530;  alias, 1 drivers
S_0x5589674dfa90 .scope module, "ha2" "half_addr" 5 28, 6 21 0, S_0x5589674df1c0;
 .timescale -9 -12;
    .port_info 0 /INPUT 1 "a"
    .port_info 1 /INPUT 1 "b"
    .port_info 2 /OUTPUT 1 "cout"
    .port_info 3 /OUTPUT 1 "sum"
L_0x5589674f36b0 .functor XOR 1, L_0x5589674f3530, L_0x5589674f31d0, C4<0>, C4<0>;
L_0x5589674f3840 .functor AND 1, L_0x5589674f3530, L_0x5589674f31d0, C4<1>, C4<1>;
v0x5589674dfcf0_0 .net "a", 0 0, L_0x5589674f3530;  alias, 1 drivers
v0x5589674dfdc0_0 .net "b", 0 0, L_0x5589674f31d0;  alias, 1 drivers
v0x5589674dfe90_0 .net "cout", 0 0, L_0x5589674f3840;  alias, 1 drivers
v0x5589674dff60_0 .net "sum", 0 0, L_0x5589674f36b0;  alias, 1 drivers
S_0x5589674e0730 .scope module, "fa3" "full_addr" 4 32, 5 21 0, S_0x5589674dc460;
 .timescale -9 -12;
    .port_info 0 /INPUT 1 "a"
    .port_info 1 /INPUT 1 "b"
    .port_info 2 /INPUT 1 "cin"
    .port_info 3 /OUTPUT 1 "cout"
    .port_info 4 /OUTPUT 1 "sum"
L_0x5589674f4010 .functor OR 1, L_0x5589674f3d60, L_0x5589674f3f80, C4<0>, C4<0>;
v0x5589674e15f0_0 .net "a", 0 0, L_0x5589674f4110;  1 drivers
v0x5589674e16b0_0 .net "b", 0 0, L_0x5589674f42d0;  1 drivers
v0x5589674e1780_0 .net "cin", 0 0, L_0x5589674f38d0;  alias, 1 drivers
v0x5589674e18a0_0 .net "cout", 0 0, L_0x5589674f4010;  alias, 1 drivers
v0x5589674e1940_0 .net "sum", 0 0, L_0x5589674f3df0;  1 drivers
v0x5589674e1a30_0 .net "w1", 0 0, L_0x5589674f3d60;  1 drivers
v0x5589674e1ad0_0 .net "w2", 0 0, L_0x5589674f3cb0;  1 drivers
v0x5589674e1bc0_0 .net "w3", 0 0, L_0x5589674f3f80;  1 drivers
S_0x5589674e0980 .scope module, "ha1" "half_addr" 5 27, 6 21 0, S_0x5589674e0730;
 .timescale -9 -12;
    .port_info 0 /INPUT 1 "a"
    .port_info 1 /INPUT 1 "b"
    .port_info 2 /OUTPUT 1 "cout"
    .port_info 3 /OUTPUT 1 "sum"
L_0x5589674f3cb0 .functor XOR 1, L_0x5589674f4110, L_0x5589674f42d0, C4<0>, C4<0>;
L_0x5589674f3d60 .functor AND 1, L_0x5589674f4110, L_0x5589674f42d0, C4<1>, C4<1>;
v0x5589674e0c10_0 .net "a", 0 0, L_0x5589674f4110;  alias, 1 drivers
v0x5589674e0cf0_0 .net "b", 0 0, L_0x5589674f42d0;  alias, 1 drivers
v0x5589674e0db0_0 .net "cout", 0 0, L_0x5589674f3d60;  alias, 1 drivers
v0x5589674e0e80_0 .net "sum", 0 0, L_0x5589674f3cb0;  alias, 1 drivers
S_0x5589674e0ff0 .scope module, "ha2" "half_addr" 5 28, 6 21 0, S_0x5589674e0730;
 .timescale -9 -12;
    .port_info 0 /INPUT 1 "a"
    .port_info 1 /INPUT 1 "b"
    .port_info 2 /OUTPUT 1 "cout"
    .port_info 3 /OUTPUT 1 "sum"
L_0x5589674f3df0 .functor XOR 1, L_0x5589674f3cb0, L_0x5589674f38d0, C4<0>, C4<0>;
L_0x5589674f3f80 .functor AND 1, L_0x5589674f3cb0, L_0x5589674f38d0, C4<1>, C4<1>;
v0x5589674e1250_0 .net "a", 0 0, L_0x5589674f3cb0;  alias, 1 drivers
v0x5589674e1320_0 .net "b", 0 0, L_0x5589674f38d0;  alias, 1 drivers
v0x5589674e13f0_0 .net "cout", 0 0, L_0x5589674f3f80;  alias, 1 drivers
v0x5589674e14c0_0 .net "sum", 0 0, L_0x5589674f3df0;  alias, 1 drivers
S_0x5589674e2370 .scope module, "rca_4bit_2" "RCA_4bit" 3 31, 4 21 0, S_0x5589674ba8f0;
 .timescale -9 -12;
    .port_info 0 /INPUT 4 "A"
    .port_info 1 /INPUT 4 "B"
    .port_info 2 /INPUT 1 "cin"
    .port_info 3 /OUTPUT 4 "S"
    .port_info 4 /OUTPUT 1 "cout"
v0x5589674e7bb0_0 .net "A", 3 0, L_0x5589674f6c00;  1 drivers
v0x5589674e7cb0_0 .net "B", 3 0, L_0x5589674f6e50;  1 drivers
v0x5589674e7d90_0 .net "S", 3 0, L_0x5589674f6a30;  1 drivers
v0x5589674e7e50_0 .net "c1", 0 0, L_0x5589674f5010;  1 drivers
v0x5589674e7ef0_0 .net "c2", 0 0, L_0x5589674f56a0;  1 drivers
v0x5589674e7fe0_0 .net "c3", 0 0, L_0x5589674f5e20;  1 drivers
v0x5589674e8080_0 .net "cin", 0 0, L_0x5589674f6f80;  1 drivers
v0x5589674e8170_0 .net "cout", 0 0, L_0x5589674f6560;  1 drivers
L_0x5589674f5150 .part L_0x5589674f6c00, 0, 1;
L_0x5589674f5280 .part L_0x5589674f6e50, 0, 1;
L_0x5589674f57e0 .part L_0x5589674f6c00, 1, 1;
L_0x5589674f5910 .part L_0x5589674f6e50, 1, 1;
L_0x5589674f5f60 .part L_0x5589674f6c00, 2, 1;
L_0x5589674f6090 .part L_0x5589674f6e50, 2, 1;
L_0x5589674f6660 .part L_0x5589674f6c00, 3, 1;
L_0x5589674f6820 .part L_0x5589674f6e50, 3, 1;
L_0x5589674f6a30 .concat8 [ 1 1 1 1], L_0x5589674f4d60, L_0x5589674f54d0, L_0x5589674f5c00, L_0x5589674f6340;
S_0x5589674e25f0 .scope module, "fa0" "full_addr" 4 29, 5 21 0, S_0x5589674e2370;
 .timescale -9 -12;
    .port_info 0 /INPUT 1 "a"
    .port_info 1 /INPUT 1 "b"
    .port_info 2 /INPUT 1 "cin"
    .port_info 3 /OUTPUT 1 "cout"
    .port_info 4 /OUTPUT 1 "sum"
L_0x5589674f5010 .functor OR 1, L_0x5589674f4ca0, L_0x5589674f4ef0, C4<0>, C4<0>;
v0x5589674e34f0_0 .net "a", 0 0, L_0x5589674f5150;  1 drivers
v0x5589674e35b0_0 .net "b", 0 0, L_0x5589674f5280;  1 drivers
v0x5589674e3680_0 .net "cin", 0 0, L_0x5589674f6f80;  alias, 1 drivers
v0x5589674e3780_0 .net "cout", 0 0, L_0x5589674f5010;  alias, 1 drivers
v0x5589674e3820_0 .net "sum", 0 0, L_0x5589674f4d60;  1 drivers
v0x5589674e3910_0 .net "w1", 0 0, L_0x5589674f4ca0;  1 drivers
v0x5589674e39e0_0 .net "w2", 0 0, L_0x5589674f4b90;  1 drivers
v0x5589674e3ad0_0 .net "w3", 0 0, L_0x5589674f4ef0;  1 drivers
S_0x5589674e2870 .scope module, "ha1" "half_addr" 5 27, 6 21 0, S_0x5589674e25f0;
 .timescale -9 -12;
    .port_info 0 /INPUT 1 "a"
    .port_info 1 /INPUT 1 "b"
    .port_info 2 /OUTPUT 1 "cout"
    .port_info 3 /OUTPUT 1 "sum"
L_0x5589674f4b90 .functor XOR 1, L_0x5589674f5150, L_0x5589674f5280, C4<0>, C4<0>;
L_0x5589674f4ca0 .functor AND 1, L_0x5589674f5150, L_0x5589674f5280, C4<1>, C4<1>;
v0x5589674e2b00_0 .net "a", 0 0, L_0x5589674f5150;  alias, 1 drivers
v0x5589674e2be0_0 .net "b", 0 0, L_0x5589674f5280;  alias, 1 drivers
v0x5589674e2ca0_0 .net "cout", 0 0, L_0x5589674f4ca0;  alias, 1 drivers
v0x5589674e2d70_0 .net "sum", 0 0, L_0x5589674f4b90;  alias, 1 drivers
S_0x5589674e2ee0 .scope module, "ha2" "half_addr" 5 28, 6 21 0, S_0x5589674e25f0;
 .timescale -9 -12;
    .port_info 0 /INPUT 1 "a"
    .port_info 1 /INPUT 1 "b"
    .port_info 2 /OUTPUT 1 "cout"
    .port_info 3 /OUTPUT 1 "sum"
L_0x5589674f4d60 .functor XOR 1, L_0x5589674f4b90, L_0x5589674f6f80, C4<0>, C4<0>;
L_0x5589674f4ef0 .functor AND 1, L_0x5589674f4b90, L_0x5589674f6f80, C4<1>, C4<1>;
v0x5589674e3140_0 .net "a", 0 0, L_0x5589674f4b90;  alias, 1 drivers
v0x5589674e3210_0 .net "b", 0 0, L_0x5589674f6f80;  alias, 1 drivers
v0x5589674e32b0_0 .net "cout", 0 0, L_0x5589674f4ef0;  alias, 1 drivers
v0x5589674e3380_0 .net "sum", 0 0, L_0x5589674f4d60;  alias, 1 drivers
S_0x5589674e3ba0 .scope module, "fa1" "full_addr" 4 30, 5 21 0, S_0x5589674e2370;
 .timescale -9 -12;
    .port_info 0 /INPUT 1 "a"
    .port_info 1 /INPUT 1 "b"
    .port_info 2 /INPUT 1 "cin"
    .port_info 3 /OUTPUT 1 "cout"
    .port_info 4 /OUTPUT 1 "sum"
L_0x5589674f56a0 .functor OR 1, L_0x5589674f5440, L_0x5589674f5610, C4<0>, C4<0>;
v0x5589674e4a40_0 .net "a", 0 0, L_0x5589674f57e0;  1 drivers
v0x5589674e4b00_0 .net "b", 0 0, L_0x5589674f5910;  1 drivers
v0x5589674e4bd0_0 .net "cin", 0 0, L_0x5589674f5010;  alias, 1 drivers
v0x5589674e4cf0_0 .net "cout", 0 0, L_0x5589674f56a0;  alias, 1 drivers
v0x5589674e4d90_0 .net "sum", 0 0, L_0x5589674f54d0;  1 drivers
v0x5589674e4e80_0 .net "w1", 0 0, L_0x5589674f5440;  1 drivers
v0x5589674e4f20_0 .net "w2", 0 0, L_0x5589674f53b0;  1 drivers
v0x5589674e5010_0 .net "w3", 0 0, L_0x5589674f5610;  1 drivers
S_0x5589674e3df0 .scope module, "ha1" "half_addr" 5 27, 6 21 0, S_0x5589674e3ba0;
 .timescale -9 -12;
    .port_info 0 /INPUT 1 "a"
    .port_info 1 /INPUT 1 "b"
    .port_info 2 /OUTPUT 1 "cout"
    .port_info 3 /OUTPUT 1 "sum"
L_0x5589674f53b0 .functor XOR 1, L_0x5589674f57e0, L_0x5589674f5910, C4<0>, C4<0>;
L_0x5589674f5440 .functor AND 1, L_0x5589674f57e0, L_0x5589674f5910, C4<1>, C4<1>;
v0x5589674e4060_0 .net "a", 0 0, L_0x5589674f57e0;  alias, 1 drivers
v0x5589674e4140_0 .net "b", 0 0, L_0x5589674f5910;  alias, 1 drivers
v0x5589674e4200_0 .net "cout", 0 0, L_0x5589674f5440;  alias, 1 drivers
v0x5589674e42d0_0 .net "sum", 0 0, L_0x5589674f53b0;  alias, 1 drivers
S_0x5589674e4440 .scope module, "ha2" "half_addr" 5 28, 6 21 0, S_0x5589674e3ba0;
 .timescale -9 -12;
    .port_info 0 /INPUT 1 "a"
    .port_info 1 /INPUT 1 "b"
    .port_info 2 /OUTPUT 1 "cout"
    .port_info 3 /OUTPUT 1 "sum"
L_0x5589674f54d0 .functor XOR 1, L_0x5589674f53b0, L_0x5589674f5010, C4<0>, C4<0>;
L_0x5589674f5610 .functor AND 1, L_0x5589674f53b0, L_0x5589674f5010, C4<1>, C4<1>;
v0x5589674e46a0_0 .net "a", 0 0, L_0x5589674f53b0;  alias, 1 drivers
v0x5589674e4770_0 .net "b", 0 0, L_0x5589674f5010;  alias, 1 drivers
v0x5589674e4840_0 .net "cout", 0 0, L_0x5589674f5610;  alias, 1 drivers
v0x5589674e4910_0 .net "sum", 0 0, L_0x5589674f54d0;  alias, 1 drivers
S_0x5589674e50e0 .scope module, "fa2" "full_addr" 4 31, 5 21 0, S_0x5589674e2370;
 .timescale -9 -12;
    .port_info 0 /INPUT 1 "a"
    .port_info 1 /INPUT 1 "b"
    .port_info 2 /INPUT 1 "cin"
    .port_info 3 /OUTPUT 1 "cout"
    .port_info 4 /OUTPUT 1 "sum"
L_0x5589674f5e20 .functor OR 1, L_0x5589674f5b20, L_0x5589674f5d90, C4<0>, C4<0>;
v0x5589674e5fb0_0 .net "a", 0 0, L_0x5589674f5f60;  1 drivers
v0x5589674e6070_0 .net "b", 0 0, L_0x5589674f6090;  1 drivers
v0x5589674e6140_0 .net "cin", 0 0, L_0x5589674f56a0;  alias, 1 drivers
v0x5589674e6260_0 .net "cout", 0 0, L_0x5589674f5e20;  alias, 1 drivers
v0x5589674e6300_0 .net "sum", 0 0, L_0x5589674f5c00;  1 drivers
v0x5589674e63f0_0 .net "w1", 0 0, L_0x5589674f5b20;  1 drivers
v0x5589674e6490_0 .net "w2", 0 0, L_0x5589674f5a40;  1 drivers
v0x5589674e6580_0 .net "w3", 0 0, L_0x5589674f5d90;  1 drivers
S_0x5589674e5360 .scope module, "ha1" "half_addr" 5 27, 6 21 0, S_0x5589674e50e0;
 .timescale -9 -12;
    .port_info 0 /INPUT 1 "a"
    .port_info 1 /INPUT 1 "b"
    .port_info 2 /OUTPUT 1 "cout"
    .port_info 3 /OUTPUT 1 "sum"
L_0x5589674f5a40 .functor XOR 1, L_0x5589674f5f60, L_0x5589674f6090, C4<0>, C4<0>;
L_0x5589674f5b20 .functor AND 1, L_0x5589674f5f60, L_0x5589674f6090, C4<1>, C4<1>;
v0x5589674e55d0_0 .net "a", 0 0, L_0x5589674f5f60;  alias, 1 drivers
v0x5589674e56b0_0 .net "b", 0 0, L_0x5589674f6090;  alias, 1 drivers
v0x5589674e5770_0 .net "cout", 0 0, L_0x5589674f5b20;  alias, 1 drivers
v0x5589674e5840_0 .net "sum", 0 0, L_0x5589674f5a40;  alias, 1 drivers
S_0x5589674e59b0 .scope module, "ha2" "half_addr" 5 28, 6 21 0, S_0x5589674e50e0;
 .timescale -9 -12;
    .port_info 0 /INPUT 1 "a"
    .port_info 1 /INPUT 1 "b"
    .port_info 2 /OUTPUT 1 "cout"
    .port_info 3 /OUTPUT 1 "sum"
L_0x5589674f5c00 .functor XOR 1, L_0x5589674f5a40, L_0x5589674f56a0, C4<0>, C4<0>;
L_0x5589674f5d90 .functor AND 1, L_0x5589674f5a40, L_0x5589674f56a0, C4<1>, C4<1>;
v0x5589674e5c10_0 .net "a", 0 0, L_0x5589674f5a40;  alias, 1 drivers
v0x5589674e5ce0_0 .net "b", 0 0, L_0x5589674f56a0;  alias, 1 drivers
v0x5589674e5db0_0 .net "cout", 0 0, L_0x5589674f5d90;  alias, 1 drivers
v0x5589674e5e80_0 .net "sum", 0 0, L_0x5589674f5c00;  alias, 1 drivers
S_0x5589674e6650 .scope module, "fa3" "full_addr" 4 32, 5 21 0, S_0x5589674e2370;
 .timescale -9 -12;
    .port_info 0 /INPUT 1 "a"
    .port_info 1 /INPUT 1 "b"
    .port_info 2 /INPUT 1 "cin"
    .port_info 3 /OUTPUT 1 "cout"
    .port_info 4 /OUTPUT 1 "sum"
L_0x5589674f6560 .functor OR 1, L_0x5589674f62b0, L_0x5589674f64d0, C4<0>, C4<0>;
v0x5589674e7510_0 .net "a", 0 0, L_0x5589674f6660;  1 drivers
v0x5589674e75d0_0 .net "b", 0 0, L_0x5589674f6820;  1 drivers
v0x5589674e76a0_0 .net "cin", 0 0, L_0x5589674f5e20;  alias, 1 drivers
v0x5589674e77c0_0 .net "cout", 0 0, L_0x5589674f6560;  alias, 1 drivers
v0x5589674e7860_0 .net "sum", 0 0, L_0x5589674f6340;  1 drivers
v0x5589674e7950_0 .net "w1", 0 0, L_0x5589674f62b0;  1 drivers
v0x5589674e79f0_0 .net "w2", 0 0, L_0x5589674f6200;  1 drivers
v0x5589674e7ae0_0 .net "w3", 0 0, L_0x5589674f64d0;  1 drivers
S_0x5589674e68a0 .scope module, "ha1" "half_addr" 5 27, 6 21 0, S_0x5589674e6650;
 .timescale -9 -12;
    .port_info 0 /INPUT 1 "a"
    .port_info 1 /INPUT 1 "b"
    .port_info 2 /OUTPUT 1 "cout"
    .port_info 3 /OUTPUT 1 "sum"
L_0x5589674f6200 .functor XOR 1, L_0x5589674f6660, L_0x5589674f6820, C4<0>, C4<0>;
L_0x5589674f62b0 .functor AND 1, L_0x5589674f6660, L_0x5589674f6820, C4<1>, C4<1>;
v0x5589674e6b30_0 .net "a", 0 0, L_0x5589674f6660;  alias, 1 drivers
v0x5589674e6c10_0 .net "b", 0 0, L_0x5589674f6820;  alias, 1 drivers
v0x5589674e6cd0_0 .net "cout", 0 0, L_0x5589674f62b0;  alias, 1 drivers
v0x5589674e6da0_0 .net "sum", 0 0, L_0x5589674f6200;  alias, 1 drivers
S_0x5589674e6f10 .scope module, "ha2" "half_addr" 5 28, 6 21 0, S_0x5589674e6650;
 .timescale -9 -12;
    .port_info 0 /INPUT 1 "a"
    .port_info 1 /INPUT 1 "b"
    .port_info 2 /OUTPUT 1 "cout"
    .port_info 3 /OUTPUT 1 "sum"
L_0x5589674f6340 .functor XOR 1, L_0x5589674f6200, L_0x5589674f5e20, C4<0>, C4<0>;
L_0x5589674f64d0 .functor AND 1, L_0x5589674f6200, L_0x5589674f5e20, C4<1>, C4<1>;
v0x5589674e7170_0 .net "a", 0 0, L_0x5589674f6200;  alias, 1 drivers
v0x5589674e7240_0 .net "b", 0 0, L_0x5589674f5e20;  alias, 1 drivers
v0x5589674e7310_0 .net "cout", 0 0, L_0x5589674f64d0;  alias, 1 drivers
v0x5589674e73e0_0 .net "sum", 0 0, L_0x5589674f6340;  alias, 1 drivers
S_0x5589674e8290 .scope module, "rca_4bit_3" "RCA_4bit" 3 32, 4 21 0, S_0x5589674ba8f0;
 .timescale -9 -12;
    .port_info 0 /INPUT 4 "A"
    .port_info 1 /INPUT 4 "B"
    .port_info 2 /INPUT 1 "cin"
    .port_info 3 /OUTPUT 4 "S"
    .port_info 4 /OUTPUT 1 "cout"
v0x5589674edac0_0 .net "A", 3 0, L_0x5589674f70c0;  1 drivers
v0x5589674edbc0_0 .net "B", 3 0, L_0x5589674f92d0;  1 drivers
v0x5589674edca0_0 .net "S", 3 0, L_0x5589674f8f80;  1 drivers
v0x5589674edd60_0 .net "c1", 0 0, L_0x5589674f7560;  1 drivers
v0x5589674ede00_0 .net "c2", 0 0, L_0x5589674f7bf0;  1 drivers
v0x5589674edef0_0 .net "c3", 0 0, L_0x5589674f8370;  1 drivers
v0x5589674edf90_0 .net "cin", 0 0, L_0x5589674f9370;  1 drivers
v0x5589674ee080_0 .net "cout", 0 0, L_0x5589674f8a70;  alias, 1 drivers
L_0x5589674f76a0 .part L_0x5589674f70c0, 0, 1;
L_0x5589674f77d0 .part L_0x5589674f92d0, 0, 1;
L_0x5589674f7d30 .part L_0x5589674f70c0, 1, 1;
L_0x5589674f7e60 .part L_0x5589674f92d0, 1, 1;
L_0x5589674f84b0 .part L_0x5589674f70c0, 2, 1;
L_0x5589674f85e0 .part L_0x5589674f92d0, 2, 1;
L_0x5589674f8bb0 .part L_0x5589674f70c0, 3, 1;
L_0x5589674f8d70 .part L_0x5589674f92d0, 3, 1;
L_0x5589674f8f80 .concat8 [ 1 1 1 1], L_0x5589674f7360, L_0x5589674f7a20, L_0x5589674f8150, L_0x5589674f8850;
S_0x5589674e84e0 .scope module, "fa0" "full_addr" 4 29, 5 21 0, S_0x5589674e8290;
 .timescale -9 -12;
    .port_info 0 /INPUT 1 "a"
    .port_info 1 /INPUT 1 "b"
    .port_info 2 /INPUT 1 "cin"
    .port_info 3 /OUTPUT 1 "cout"
    .port_info 4 /OUTPUT 1 "sum"
L_0x5589674f7560 .functor OR 1, L_0x5589674f72a0, L_0x5589674f7440, C4<0>, C4<0>;
v0x5589674e9400_0 .net "a", 0 0, L_0x5589674f76a0;  1 drivers
v0x5589674e94c0_0 .net "b", 0 0, L_0x5589674f77d0;  1 drivers
v0x5589674e9590_0 .net "cin", 0 0, L_0x5589674f9370;  alias, 1 drivers
v0x5589674e9690_0 .net "cout", 0 0, L_0x5589674f7560;  alias, 1 drivers
v0x5589674e9730_0 .net "sum", 0 0, L_0x5589674f7360;  1 drivers
v0x5589674e9820_0 .net "w1", 0 0, L_0x5589674f72a0;  1 drivers
v0x5589674e98f0_0 .net "w2", 0 0, L_0x5589674f4ad0;  1 drivers
v0x5589674e99e0_0 .net "w3", 0 0, L_0x5589674f7440;  1 drivers
S_0x5589674e8780 .scope module, "ha1" "half_addr" 5 27, 6 21 0, S_0x5589674e84e0;
 .timescale -9 -12;
    .port_info 0 /INPUT 1 "a"
    .port_info 1 /INPUT 1 "b"
    .port_info 2 /OUTPUT 1 "cout"
    .port_info 3 /OUTPUT 1 "sum"
L_0x5589674f4ad0 .functor XOR 1, L_0x5589674f76a0, L_0x5589674f77d0, C4<0>, C4<0>;
L_0x5589674f72a0 .functor AND 1, L_0x5589674f76a0, L_0x5589674f77d0, C4<1>, C4<1>;
v0x5589674e8a10_0 .net "a", 0 0, L_0x5589674f76a0;  alias, 1 drivers
v0x5589674e8af0_0 .net "b", 0 0, L_0x5589674f77d0;  alias, 1 drivers
v0x5589674e8bb0_0 .net "cout", 0 0, L_0x5589674f72a0;  alias, 1 drivers
v0x5589674e8c80_0 .net "sum", 0 0, L_0x5589674f4ad0;  alias, 1 drivers
S_0x5589674e8df0 .scope module, "ha2" "half_addr" 5 28, 6 21 0, S_0x5589674e84e0;
 .timescale -9 -12;
    .port_info 0 /INPUT 1 "a"
    .port_info 1 /INPUT 1 "b"
    .port_info 2 /OUTPUT 1 "cout"
    .port_info 3 /OUTPUT 1 "sum"
L_0x5589674f7360 .functor XOR 1, L_0x5589674f4ad0, L_0x5589674f9370, C4<0>, C4<0>;
L_0x5589674f7440 .functor AND 1, L_0x5589674f4ad0, L_0x5589674f9370, C4<1>, C4<1>;
v0x5589674e9050_0 .net "a", 0 0, L_0x5589674f4ad0;  alias, 1 drivers
v0x5589674e9120_0 .net "b", 0 0, L_0x5589674f9370;  alias, 1 drivers
v0x5589674e91c0_0 .net "cout", 0 0, L_0x5589674f7440;  alias, 1 drivers
v0x5589674e9290_0 .net "sum", 0 0, L_0x5589674f7360;  alias, 1 drivers
S_0x5589674e9ab0 .scope module, "fa1" "full_addr" 4 30, 5 21 0, S_0x5589674e8290;
 .timescale -9 -12;
    .port_info 0 /INPUT 1 "a"
    .port_info 1 /INPUT 1 "b"
    .port_info 2 /INPUT 1 "cin"
    .port_info 3 /OUTPUT 1 "cout"
    .port_info 4 /OUTPUT 1 "sum"
L_0x5589674f7bf0 .functor OR 1, L_0x5589674f7990, L_0x5589674f7b60, C4<0>, C4<0>;
v0x5589674ea950_0 .net "a", 0 0, L_0x5589674f7d30;  1 drivers
v0x5589674eaa10_0 .net "b", 0 0, L_0x5589674f7e60;  1 drivers
v0x5589674eaae0_0 .net "cin", 0 0, L_0x5589674f7560;  alias, 1 drivers
v0x5589674eac00_0 .net "cout", 0 0, L_0x5589674f7bf0;  alias, 1 drivers
v0x5589674eaca0_0 .net "sum", 0 0, L_0x5589674f7a20;  1 drivers
v0x5589674ead90_0 .net "w1", 0 0, L_0x5589674f7990;  1 drivers
v0x5589674eae30_0 .net "w2", 0 0, L_0x5589674f7900;  1 drivers
v0x5589674eaf20_0 .net "w3", 0 0, L_0x5589674f7b60;  1 drivers
S_0x5589674e9d00 .scope module, "ha1" "half_addr" 5 27, 6 21 0, S_0x5589674e9ab0;
 .timescale -9 -12;
    .port_info 0 /INPUT 1 "a"
    .port_info 1 /INPUT 1 "b"
    .port_info 2 /OUTPUT 1 "cout"
    .port_info 3 /OUTPUT 1 "sum"
L_0x5589674f7900 .functor XOR 1, L_0x5589674f7d30, L_0x5589674f7e60, C4<0>, C4<0>;
L_0x5589674f7990 .functor AND 1, L_0x5589674f7d30, L_0x5589674f7e60, C4<1>, C4<1>;
v0x5589674e9f70_0 .net "a", 0 0, L_0x5589674f7d30;  alias, 1 drivers
v0x5589674ea050_0 .net "b", 0 0, L_0x5589674f7e60;  alias, 1 drivers
v0x5589674ea110_0 .net "cout", 0 0, L_0x5589674f7990;  alias, 1 drivers
v0x5589674ea1e0_0 .net "sum", 0 0, L_0x5589674f7900;  alias, 1 drivers
S_0x5589674ea350 .scope module, "ha2" "half_addr" 5 28, 6 21 0, S_0x5589674e9ab0;
 .timescale -9 -12;
    .port_info 0 /INPUT 1 "a"
    .port_info 1 /INPUT 1 "b"
    .port_info 2 /OUTPUT 1 "cout"
    .port_info 3 /OUTPUT 1 "sum"
L_0x5589674f7a20 .functor XOR 1, L_0x5589674f7900, L_0x5589674f7560, C4<0>, C4<0>;
L_0x5589674f7b60 .functor AND 1, L_0x5589674f7900, L_0x5589674f7560, C4<1>, C4<1>;
v0x5589674ea5b0_0 .net "a", 0 0, L_0x5589674f7900;  alias, 1 drivers
v0x5589674ea680_0 .net "b", 0 0, L_0x5589674f7560;  alias, 1 drivers
v0x5589674ea750_0 .net "cout", 0 0, L_0x5589674f7b60;  alias, 1 drivers
v0x5589674ea820_0 .net "sum", 0 0, L_0x5589674f7a20;  alias, 1 drivers
S_0x5589674eaff0 .scope module, "fa2" "full_addr" 4 31, 5 21 0, S_0x5589674e8290;
 .timescale -9 -12;
    .port_info 0 /INPUT 1 "a"
    .port_info 1 /INPUT 1 "b"
    .port_info 2 /INPUT 1 "cin"
    .port_info 3 /OUTPUT 1 "cout"
    .port_info 4 /OUTPUT 1 "sum"
L_0x5589674f8370 .functor OR 1, L_0x5589674f8070, L_0x5589674f82e0, C4<0>, C4<0>;
v0x5589674ebec0_0 .net "a", 0 0, L_0x5589674f84b0;  1 drivers
v0x5589674ebf80_0 .net "b", 0 0, L_0x5589674f85e0;  1 drivers
v0x5589674ec050_0 .net "cin", 0 0, L_0x5589674f7bf0;  alias, 1 drivers
v0x5589674ec170_0 .net "cout", 0 0, L_0x5589674f8370;  alias, 1 drivers
v0x5589674ec210_0 .net "sum", 0 0, L_0x5589674f8150;  1 drivers
v0x5589674ec300_0 .net "w1", 0 0, L_0x5589674f8070;  1 drivers
v0x5589674ec3a0_0 .net "w2", 0 0, L_0x5589674f7f90;  1 drivers
v0x5589674ec490_0 .net "w3", 0 0, L_0x5589674f82e0;  1 drivers
S_0x5589674eb270 .scope module, "ha1" "half_addr" 5 27, 6 21 0, S_0x5589674eaff0;
 .timescale -9 -12;
    .port_info 0 /INPUT 1 "a"
    .port_info 1 /INPUT 1 "b"
    .port_info 2 /OUTPUT 1 "cout"
    .port_info 3 /OUTPUT 1 "sum"
L_0x5589674f7f90 .functor XOR 1, L_0x5589674f84b0, L_0x5589674f85e0, C4<0>, C4<0>;
L_0x5589674f8070 .functor AND 1, L_0x5589674f84b0, L_0x5589674f85e0, C4<1>, C4<1>;
v0x5589674eb4e0_0 .net "a", 0 0, L_0x5589674f84b0;  alias, 1 drivers
v0x5589674eb5c0_0 .net "b", 0 0, L_0x5589674f85e0;  alias, 1 drivers
v0x5589674eb680_0 .net "cout", 0 0, L_0x5589674f8070;  alias, 1 drivers
v0x5589674eb750_0 .net "sum", 0 0, L_0x5589674f7f90;  alias, 1 drivers
S_0x5589674eb8c0 .scope module, "ha2" "half_addr" 5 28, 6 21 0, S_0x5589674eaff0;
 .timescale -9 -12;
    .port_info 0 /INPUT 1 "a"
    .port_info 1 /INPUT 1 "b"
    .port_info 2 /OUTPUT 1 "cout"
    .port_info 3 /OUTPUT 1 "sum"
L_0x5589674f8150 .functor XOR 1, L_0x5589674f7f90, L_0x5589674f7bf0, C4<0>, C4<0>;
L_0x5589674f82e0 .functor AND 1, L_0x5589674f7f90, L_0x5589674f7bf0, C4<1>, C4<1>;
v0x5589674ebb20_0 .net "a", 0 0, L_0x5589674f7f90;  alias, 1 drivers
v0x5589674ebbf0_0 .net "b", 0 0, L_0x5589674f7bf0;  alias, 1 drivers
v0x5589674ebcc0_0 .net "cout", 0 0, L_0x5589674f82e0;  alias, 1 drivers
v0x5589674ebd90_0 .net "sum", 0 0, L_0x5589674f8150;  alias, 1 drivers
S_0x5589674ec560 .scope module, "fa3" "full_addr" 4 32, 5 21 0, S_0x5589674e8290;
 .timescale -9 -12;
    .port_info 0 /INPUT 1 "a"
    .port_info 1 /INPUT 1 "b"
    .port_info 2 /INPUT 1 "cin"
    .port_info 3 /OUTPUT 1 "cout"
    .port_info 4 /OUTPUT 1 "sum"
L_0x5589674f8a70 .functor OR 1, L_0x5589674f87c0, L_0x5589674f89e0, C4<0>, C4<0>;
v0x5589674ed420_0 .net "a", 0 0, L_0x5589674f8bb0;  1 drivers
v0x5589674ed4e0_0 .net "b", 0 0, L_0x5589674f8d70;  1 drivers
v0x5589674ed5b0_0 .net "cin", 0 0, L_0x5589674f8370;  alias, 1 drivers
v0x5589674ed6d0_0 .net "cout", 0 0, L_0x5589674f8a70;  alias, 1 drivers
v0x5589674ed770_0 .net "sum", 0 0, L_0x5589674f8850;  1 drivers
v0x5589674ed860_0 .net "w1", 0 0, L_0x5589674f87c0;  1 drivers
v0x5589674ed900_0 .net "w2", 0 0, L_0x5589674f8710;  1 drivers
v0x5589674ed9f0_0 .net "w3", 0 0, L_0x5589674f89e0;  1 drivers
S_0x5589674ec7b0 .scope module, "ha1" "half_addr" 5 27, 6 21 0, S_0x5589674ec560;
 .timescale -9 -12;
    .port_info 0 /INPUT 1 "a"
    .port_info 1 /INPUT 1 "b"
    .port_info 2 /OUTPUT 1 "cout"
    .port_info 3 /OUTPUT 1 "sum"
L_0x5589674f8710 .functor XOR 1, L_0x5589674f8bb0, L_0x5589674f8d70, C4<0>, C4<0>;
L_0x5589674f87c0 .functor AND 1, L_0x5589674f8bb0, L_0x5589674f8d70, C4<1>, C4<1>;
v0x5589674eca40_0 .net "a", 0 0, L_0x5589674f8bb0;  alias, 1 drivers
v0x5589674ecb20_0 .net "b", 0 0, L_0x5589674f8d70;  alias, 1 drivers
v0x5589674ecbe0_0 .net "cout", 0 0, L_0x5589674f87c0;  alias, 1 drivers
v0x5589674eccb0_0 .net "sum", 0 0, L_0x5589674f8710;  alias, 1 drivers
S_0x5589674ece20 .scope module, "ha2" "half_addr" 5 28, 6 21 0, S_0x5589674ec560;
 .timescale -9 -12;
    .port_info 0 /INPUT 1 "a"
    .port_info 1 /INPUT 1 "b"
    .port_info 2 /OUTPUT 1 "cout"
    .port_info 3 /OUTPUT 1 "sum"
L_0x5589674f8850 .functor XOR 1, L_0x5589674f8710, L_0x5589674f8370, C4<0>, C4<0>;
L_0x5589674f89e0 .functor AND 1, L_0x5589674f8710, L_0x5589674f8370, C4<1>, C4<1>;
v0x5589674ed080_0 .net "a", 0 0, L_0x5589674f8710;  alias, 1 drivers
v0x5589674ed150_0 .net "b", 0 0, L_0x5589674f8370;  alias, 1 drivers
v0x5589674ed220_0 .net "cout", 0 0, L_0x5589674f89e0;  alias, 1 drivers
v0x5589674ed2f0_0 .net "sum", 0 0, L_0x5589674f8850;  alias, 1 drivers
    .scope S_0x558967480ee0;
T_0 ;
    %wait E_0x55896747dd10;
    %load/vec4 v0x5589674f0360_0;
    %flag_set/vec4 8;
    %jmp/0xz  T_0.0, 8;
    %pushi/vec4 0, 0, 16;
    %assign/vec4 v0x5589674efeb0_0, 0;
    %pushi/vec4 0, 0, 16;
    %assign/vec4 v0x5589674f0030_0, 0;
    %pushi/vec4 0, 0, 1;
    %assign/vec4 v0x5589674efa50_0, 0;
    %pushi/vec4 0, 0, 16;
    %assign/vec4 v0x5589674f01b0_0, 0;
    %pushi/vec4 0, 0, 1;
    %assign/vec4 v0x5589674efc70_0, 0;
    %jmp T_0.1;
T_0.0 ;
    %load/vec4 v0x5589674efdd0_0;
    %assign/vec4 v0x5589674efeb0_0, 0;
    %load/vec4 v0x5589674eff70_0;
    %assign/vec4 v0x5589674f0030_0, 0;
    %load/vec4 v0x5589674efb10_0;
    %assign/vec4 v0x5589674efa50_0, 0;
    %load/vec4 v0x5589674f0270_0;
    %assign/vec4 v0x5589674f01b0_0, 0;
    %load/vec4 v0x5589674efd30_0;
    %assign/vec4 v0x5589674efc70_0, 0;
T_0.1 ;
    %jmp T_0;
    .thread T_0;
# The file index is used to find the file name in the following table.
:file_names 7;
    "N/A";
    "<interactive>";
    "wrapper_RCA_16bit.v";
    "RCA_16bit.v";
    "RCA_4bit.v";
    "full_addr.v";
    "half_addr.v";
