--------------------------------------------------------------------------------
Release 14.7 Trace  (lin64)
Copyright (c) 1995-2013 Xilinx, Inc.  All rights reserved.

/opt/Xilinx/14.7/ISE_DS/ISE/bin/lin64/unwrapped/trce -intstyle ise -v 3 -s 1 -n
3 -fastpaths -xml CLA_16bit.twx CLA_16bit.ncd -o CLA_16bit.twr CLA_16bit.pcf

Design file:              CLA_16bit.ncd
Physical constraint file: CLA_16bit.pcf
Device,package,speed:     xc7a100t,csg324,C,-1 (PRODUCTION 1.10 2013-10-13)
Report level:             verbose report

Environment Variable      Effect 
--------------------      ------ 
NONE                      No environment variables were set
--------------------------------------------------------------------------------

INFO:Timing:2698 - No timing constraints found, doing default enumeration.
INFO:Timing:3412 - To improve timing, see the Timing Closure User Guide (UG612).
INFO:Timing:2752 - To get complete path coverage, use the unconstrained paths 
   option. All paths that are not constrained will be reported in the 
   unconstrained paths section(s) of the report.
INFO:Timing:3339 - The clock-to-out numbers in this timing report are based on 
   a 50 Ohm transmission line loading model.  For the details of this model, 
   and for more information on accounting for different loading conditions, 
   please see the device datasheet.



Data Sheet report:
-----------------
All values displayed in nanoseconds (ns)

Pad to Pad
---------------+---------------+---------+
Source Pad     |Destination Pad|  Delay  |
---------------+---------------+---------+
A<0>           |G<0>           |    9.688|
A<0>           |G<1>           |   11.789|
A<0>           |G<2>           |   12.392|
A<0>           |G<3>           |   13.210|
A<0>           |P<0>           |    9.143|
A<0>           |P<1>           |   11.437|
A<0>           |P<2>           |   11.063|
A<0>           |P<3>           |   10.173|
A<0>           |S<0>           |    7.461|
A<0>           |S<1>           |    7.876|
A<0>           |S<2>           |    8.347|
A<0>           |S<3>           |    8.479|
A<0>           |S<4>           |    9.394|
A<0>           |S<5>           |   10.546|
A<0>           |S<6>           |   10.549|
A<0>           |S<7>           |   10.750|
A<0>           |S<8>           |   11.399|
A<0>           |S<9>           |   12.598|
A<0>           |S<10>          |   12.656|
A<0>           |S<11>          |   13.243|
A<0>           |S<12>          |   14.246|
A<0>           |S<13>          |   14.524|
A<0>           |S<14>          |   14.278|
A<0>           |S<15>          |   15.100|
A<1>           |G<0>           |    9.308|
A<1>           |G<1>           |   11.409|
A<1>           |G<2>           |   12.012|
A<1>           |G<3>           |   12.830|
A<1>           |P<0>           |    8.763|
A<1>           |P<1>           |   11.057|
A<1>           |P<2>           |   10.683|
A<1>           |P<3>           |    9.793|
A<1>           |S<1>           |    7.078|
A<1>           |S<2>           |    7.583|
A<1>           |S<3>           |    7.715|
A<1>           |S<4>           |    9.014|
A<1>           |S<5>           |   10.166|
A<1>           |S<6>           |   10.169|
A<1>           |S<7>           |   10.370|
A<1>           |S<8>           |   11.019|
A<1>           |S<9>           |   12.218|
A<1>           |S<10>          |   12.276|
A<1>           |S<11>          |   12.863|
A<1>           |S<12>          |   13.866|
A<1>           |S<13>          |   14.144|
A<1>           |S<14>          |   13.898|
A<1>           |S<15>          |   14.720|
A<2>           |G<0>           |    9.213|
A<2>           |G<1>           |   11.314|
A<2>           |G<2>           |   11.917|
A<2>           |G<3>           |   12.735|
A<2>           |P<0>           |    8.030|
A<2>           |P<1>           |   10.324|
A<2>           |P<2>           |    9.950|
A<2>           |P<3>           |    9.246|
A<2>           |S<2>           |    7.806|
A<2>           |S<3>           |    7.971|
A<2>           |S<4>           |    8.606|
A<2>           |S<5>           |    9.760|
A<2>           |S<6>           |    9.763|
A<2>           |S<7>           |    9.964|
A<2>           |S<8>           |   10.924|
A<2>           |S<9>           |   12.123|
A<2>           |S<10>          |   12.181|
A<2>           |S<11>          |   12.768|
A<2>           |S<12>          |   13.771|
A<2>           |S<13>          |   14.049|
A<2>           |S<14>          |   13.803|
A<2>           |S<15>          |   14.625|
A<3>           |G<0>           |    8.927|
A<3>           |G<1>           |   11.028|
A<3>           |G<2>           |   11.631|
A<3>           |G<3>           |   12.449|
A<3>           |P<0>           |    8.022|
A<3>           |P<1>           |   10.316|
A<3>           |P<2>           |    9.942|
A<3>           |P<3>           |    8.534|
A<3>           |S<3>           |    7.974|
A<3>           |S<4>           |    8.320|
A<3>           |S<5>           |    9.474|
A<3>           |S<6>           |    9.477|
A<3>           |S<7>           |    9.678|
A<3>           |S<8>           |   10.638|
A<3>           |S<9>           |   11.837|
A<3>           |S<10>          |   11.895|
A<3>           |S<11>          |   12.482|
A<3>           |S<12>          |   13.485|
A<3>           |S<13>          |   13.763|
A<3>           |S<14>          |   13.517|
A<3>           |S<15>          |   14.339|
A<4>           |G<1>           |   12.033|
A<4>           |G<2>           |   12.636|
A<4>           |G<3>           |   13.454|
A<4>           |P<1>           |    9.544|
A<4>           |P<2>           |   10.772|
A<4>           |P<3>           |   14.572|
A<4>           |S<4>           |    8.011|
A<4>           |S<5>           |    8.118|
A<4>           |S<6>           |    8.087|
A<4>           |S<7>           |    8.288|
A<4>           |S<8>           |   11.643|
A<4>           |S<9>           |   12.842|
A<4>           |S<10>          |   12.900|
A<4>           |S<11>          |   13.487|
A<4>           |S<12>          |   14.490|
A<4>           |S<13>          |   14.768|
A<4>           |S<14>          |   14.522|
A<4>           |S<15>          |   15.344|
A<5>           |G<1>           |   12.182|
A<5>           |G<2>           |   12.785|
A<5>           |G<3>           |   13.603|
A<5>           |P<1>           |    9.693|
A<5>           |P<2>           |   10.921|
A<5>           |P<3>           |   14.721|
A<5>           |S<5>           |    7.938|
A<5>           |S<6>           |    7.909|
A<5>           |S<7>           |    8.110|
A<5>           |S<8>           |   11.792|
A<5>           |S<9>           |   12.991|
A<5>           |S<10>          |   13.049|
A<5>           |S<11>          |   13.636|
A<5>           |S<12>          |   14.639|
A<5>           |S<13>          |   14.917|
A<5>           |S<14>          |   14.671|
A<5>           |S<15>          |   15.493|
A<6>           |G<1>           |   10.964|
A<6>           |G<2>           |   11.567|
A<6>           |G<3>           |   12.385|
A<6>           |P<1>           |    9.064|
A<6>           |P<2>           |    9.703|
A<6>           |P<3>           |   13.503|
A<6>           |S<6>           |    7.649|
A<6>           |S<7>           |    7.885|
A<6>           |S<8>           |   10.574|
A<6>           |S<9>           |   11.773|
A<6>           |S<10>          |   11.831|
A<6>           |S<11>          |   12.418|
A<6>           |S<12>          |   13.421|
A<6>           |S<13>          |   13.699|
A<6>           |S<14>          |   13.453|
A<6>           |S<15>          |   14.275|
A<7>           |G<1>           |   10.877|
A<7>           |G<2>           |   11.480|
A<7>           |G<3>           |   12.298|
A<7>           |P<1>           |    8.716|
A<7>           |P<2>           |    9.616|
A<7>           |P<3>           |   13.416|
A<7>           |S<7>           |    7.798|
A<7>           |S<8>           |   10.487|
A<7>           |S<9>           |   11.686|
A<7>           |S<10>          |   11.744|
A<7>           |S<11>          |   12.331|
A<7>           |S<12>          |   13.334|
A<7>           |S<13>          |   13.612|
A<7>           |S<14>          |   13.366|
A<7>           |S<15>          |   14.188|
A<8>           |G<2>           |   10.627|
A<8>           |G<3>           |   11.445|
A<8>           |P<2>           |   10.860|
A<8>           |P<3>           |   11.923|
A<8>           |S<8>           |    7.384|
A<8>           |S<9>           |    7.618|
A<8>           |S<10>          |    7.677|
A<8>           |S<11>          |    8.264|
A<8>           |S<12>          |   12.481|
A<8>           |S<13>          |   12.759|
A<8>           |S<14>          |   12.513|
A<8>           |S<15>          |   13.335|
A<9>           |G<2>           |   10.498|
A<9>           |G<3>           |   11.316|
A<9>           |P<2>           |   10.744|
A<9>           |P<3>           |   11.807|
A<9>           |S<9>           |    7.734|
A<9>           |S<10>          |    7.793|
A<9>           |S<11>          |    8.380|
A<9>           |S<12>          |   12.352|
A<9>           |S<13>          |   12.630|
A<9>           |S<14>          |   12.384|
A<9>           |S<15>          |   13.206|
A<10>          |G<2>           |   11.034|
A<10>          |G<3>           |   11.852|
A<10>          |P<2>           |   11.666|
A<10>          |P<3>           |   12.729|
A<10>          |S<10>          |    7.500|
A<10>          |S<11>          |    7.760|
A<10>          |S<12>          |   12.888|
A<10>          |S<13>          |   13.166|
A<10>          |S<14>          |   12.920|
A<10>          |S<15>          |   13.742|
A<11>          |G<2>           |   10.375|
A<11>          |G<3>           |   11.193|
A<11>          |P<2>           |   11.007|
A<11>          |P<3>           |   12.070|
A<11>          |S<11>          |    7.133|
A<11>          |S<12>          |   12.229|
A<11>          |S<13>          |   12.507|
A<11>          |S<14>          |   12.261|
A<11>          |S<15>          |   13.083|
A<12>          |G<3>           |   11.399|
A<12>          |P<3>           |   12.017|
A<12>          |S<12>          |    8.020|
A<12>          |S<13>          |    8.427|
A<12>          |S<14>          |    8.219|
A<12>          |S<15>          |    9.037|
A<13>          |G<3>           |   11.055|
A<13>          |P<3>           |   11.111|
A<13>          |S<13>          |    8.549|
A<13>          |S<14>          |    7.817|
A<13>          |S<15>          |    9.125|
A<14>          |G<3>           |   10.641|
A<14>          |P<3>           |   12.071|
A<14>          |S<14>          |    8.647|
A<14>          |S<15>          |    7.758|
A<15>          |G<3>           |   10.815|
A<15>          |P<3>           |   11.956|
A<15>          |S<15>          |    8.133|
B<0>           |G<0>           |    9.483|
B<0>           |G<1>           |   11.584|
B<0>           |G<2>           |   12.187|
B<0>           |G<3>           |   13.005|
B<0>           |P<0>           |    8.939|
B<0>           |P<1>           |   11.233|
B<0>           |P<2>           |   10.859|
B<0>           |P<3>           |    9.969|
B<0>           |S<0>           |    7.060|
B<0>           |S<1>           |    7.474|
B<0>           |S<2>           |    7.947|
B<0>           |S<3>           |    8.079|
B<0>           |S<4>           |    9.190|
B<0>           |S<5>           |   10.342|
B<0>           |S<6>           |   10.345|
B<0>           |S<7>           |   10.546|
B<0>           |S<8>           |   11.194|
B<0>           |S<9>           |   12.393|
B<0>           |S<10>          |   12.451|
B<0>           |S<11>          |   13.038|
B<0>           |S<12>          |   14.041|
B<0>           |S<13>          |   14.319|
B<0>           |S<14>          |   14.073|
B<0>           |S<15>          |   14.895|
B<1>           |G<0>           |    9.333|
B<1>           |G<1>           |   11.434|
B<1>           |G<2>           |   12.037|
B<1>           |G<3>           |   12.855|
B<1>           |P<0>           |    8.789|
B<1>           |P<1>           |   11.083|
B<1>           |P<2>           |   10.709|
B<1>           |P<3>           |    9.819|
B<1>           |S<1>           |    7.505|
B<1>           |S<2>           |    7.976|
B<1>           |S<3>           |    8.108|
B<1>           |S<4>           |    9.040|
B<1>           |S<5>           |   10.192|
B<1>           |S<6>           |   10.195|
B<1>           |S<7>           |   10.396|
B<1>           |S<8>           |   11.044|
B<1>           |S<9>           |   12.243|
B<1>           |S<10>          |   12.301|
B<1>           |S<11>          |   12.888|
B<1>           |S<12>          |   13.891|
B<1>           |S<13>          |   14.169|
B<1>           |S<14>          |   13.923|
B<1>           |S<15>          |   14.745|
B<2>           |G<0>           |    9.067|
B<2>           |G<1>           |   11.168|
B<2>           |G<2>           |   11.771|
B<2>           |G<3>           |   12.589|
B<2>           |P<0>           |    8.152|
B<2>           |P<1>           |   10.446|
B<2>           |P<2>           |   10.072|
B<2>           |P<3>           |    8.479|
B<2>           |S<2>           |    7.375|
B<2>           |S<3>           |    7.538|
B<2>           |S<4>           |    8.460|
B<2>           |S<5>           |    9.614|
B<2>           |S<6>           |    9.617|
B<2>           |S<7>           |    9.818|
B<2>           |S<8>           |   10.778|
B<2>           |S<9>           |   11.977|
B<2>           |S<10>          |   12.035|
B<2>           |S<11>          |   12.622|
B<2>           |S<12>          |   13.625|
B<2>           |S<13>          |   13.903|
B<2>           |S<14>          |   13.657|
B<2>           |S<15>          |   14.479|
B<3>           |G<0>           |    9.195|
B<3>           |G<1>           |   11.296|
B<3>           |G<2>           |   11.899|
B<3>           |G<3>           |   12.717|
B<3>           |P<0>           |    8.290|
B<3>           |P<1>           |   10.584|
B<3>           |P<2>           |   10.210|
B<3>           |P<3>           |    8.863|
B<3>           |S<3>           |    7.896|
B<3>           |S<4>           |    8.588|
B<3>           |S<5>           |    9.742|
B<3>           |S<6>           |    9.745|
B<3>           |S<7>           |    9.946|
B<3>           |S<8>           |   10.906|
B<3>           |S<9>           |   12.105|
B<3>           |S<10>          |   12.163|
B<3>           |S<11>          |   12.750|
B<3>           |S<12>          |   13.753|
B<3>           |S<13>          |   14.031|
B<3>           |S<14>          |   13.785|
B<3>           |S<15>          |   14.607|
B<4>           |G<1>           |   11.704|
B<4>           |G<2>           |   12.307|
B<4>           |G<3>           |   13.125|
B<4>           |P<1>           |    9.215|
B<4>           |P<2>           |   10.443|
B<4>           |P<3>           |   14.243|
B<4>           |S<4>           |    7.402|
B<4>           |S<5>           |    8.101|
B<4>           |S<6>           |    8.074|
B<4>           |S<7>           |    8.275|
B<4>           |S<8>           |   11.314|
B<4>           |S<9>           |   12.513|
B<4>           |S<10>          |   12.571|
B<4>           |S<11>          |   13.158|
B<4>           |S<12>          |   14.161|
B<4>           |S<13>          |   14.439|
B<4>           |S<14>          |   14.193|
B<4>           |S<15>          |   15.015|
B<5>           |G<1>           |   12.083|
B<5>           |G<2>           |   12.686|
B<5>           |G<3>           |   13.504|
B<5>           |P<1>           |    9.594|
B<5>           |P<2>           |   10.822|
B<5>           |P<3>           |   14.622|
B<5>           |S<5>           |    7.874|
B<5>           |S<6>           |    7.843|
B<5>           |S<7>           |    8.044|
B<5>           |S<8>           |   11.693|
B<5>           |S<9>           |   12.892|
B<5>           |S<10>          |   12.950|
B<5>           |S<11>          |   13.537|
B<5>           |S<12>          |   14.540|
B<5>           |S<13>          |   14.818|
B<5>           |S<14>          |   14.572|
B<5>           |S<15>          |   15.394|
B<6>           |G<1>           |   11.644|
B<6>           |G<2>           |   12.247|
B<6>           |G<3>           |   13.065|
B<6>           |P<1>           |    9.464|
B<6>           |P<2>           |   10.383|
B<6>           |P<3>           |   14.183|
B<6>           |S<6>           |    7.460|
B<6>           |S<7>           |    7.694|
B<6>           |S<8>           |   11.254|
B<6>           |S<9>           |   12.453|
B<6>           |S<10>          |   12.511|
B<6>           |S<11>          |   13.098|
B<6>           |S<12>          |   14.101|
B<6>           |S<13>          |   14.379|
B<6>           |S<14>          |   14.133|
B<6>           |S<15>          |   14.955|
B<7>           |G<1>           |   11.046|
B<7>           |G<2>           |   11.649|
B<7>           |G<3>           |   12.467|
B<7>           |P<1>           |    9.549|
B<7>           |P<2>           |    9.785|
B<7>           |P<3>           |   13.585|
B<7>           |S<7>           |    7.888|
B<7>           |S<8>           |   10.656|
B<7>           |S<9>           |   11.855|
B<7>           |S<10>          |   11.913|
B<7>           |S<11>          |   12.500|
B<7>           |S<12>          |   13.503|
B<7>           |S<13>          |   13.781|
B<7>           |S<14>          |   13.535|
B<7>           |S<15>          |   14.357|
B<8>           |G<2>           |   10.344|
B<8>           |G<3>           |   11.162|
B<8>           |P<2>           |   10.976|
B<8>           |P<3>           |   12.039|
B<8>           |S<8>           |    7.502|
B<8>           |S<9>           |    7.732|
B<8>           |S<10>          |    7.790|
B<8>           |S<11>          |    8.377|
B<8>           |S<12>          |   12.198|
B<8>           |S<13>          |   12.476|
B<8>           |S<14>          |   12.230|
B<8>           |S<15>          |   13.052|
B<9>           |G<2>           |   10.226|
B<9>           |G<3>           |   11.044|
B<9>           |P<2>           |   10.858|
B<9>           |P<3>           |   11.921|
B<9>           |S<9>           |    7.355|
B<9>           |S<10>          |    7.447|
B<9>           |S<11>          |    8.034|
B<9>           |S<12>          |   12.080|
B<9>           |S<13>          |   12.358|
B<9>           |S<14>          |   12.112|
B<9>           |S<15>          |   12.934|
B<10>          |G<2>           |   10.863|
B<10>          |G<3>           |   11.681|
B<10>          |P<2>           |   11.495|
B<10>          |P<3>           |   12.558|
B<10>          |S<10>          |    7.199|
B<10>          |S<11>          |    7.589|
B<10>          |S<12>          |   12.717|
B<10>          |S<13>          |   12.995|
B<10>          |S<14>          |   12.749|
B<10>          |S<15>          |   13.571|
B<11>          |G<2>           |   10.832|
B<11>          |G<3>           |   11.650|
B<11>          |P<2>           |   11.464|
B<11>          |P<3>           |   12.527|
B<11>          |S<11>          |    7.558|
B<11>          |S<12>          |   12.686|
B<11>          |S<13>          |   12.964|
B<11>          |S<14>          |   12.718|
B<11>          |S<15>          |   13.540|
B<12>          |G<3>           |   11.272|
B<12>          |P<3>           |   11.897|
B<12>          |S<12>          |    7.818|
B<12>          |S<13>          |    8.092|
B<12>          |S<14>          |    7.895|
B<12>          |S<15>          |    8.669|
B<13>          |G<3>           |   10.620|
B<13>          |P<3>           |   11.114|
B<13>          |S<13>          |    7.835|
B<13>          |S<14>          |    7.775|
B<13>          |S<15>          |    8.412|
B<14>          |G<3>           |   10.373|
B<14>          |P<3>           |   11.803|
B<14>          |S<14>          |    8.379|
B<14>          |S<15>          |    7.984|
B<15>          |G<3>           |   10.810|
B<15>          |P<3>           |   11.951|
B<15>          |S<15>          |    8.129|
cin            |S<0>           |    7.625|
cin            |S<1>           |    8.370|
cin            |S<2>           |    8.843|
cin            |S<3>           |    8.975|
cin            |S<4>           |    8.755|
cin            |S<5>           |    9.911|
cin            |S<6>           |    9.914|
cin            |S<7>           |   10.115|
cin            |S<8>           |    7.795|
cin            |S<9>           |    9.521|
cin            |S<10>          |    9.579|
cin            |S<11>          |   10.166|
cin            |S<12>          |   10.703|
cin            |S<13>          |   10.981|
cin            |S<14>          |   10.735|
cin            |S<15>          |   11.557|
---------------+---------------+---------+


Analysis completed Tue Aug 30 17:57:47 2022 
--------------------------------------------------------------------------------

Trace Settings:
-------------------------
Trace Settings 

Peak Memory Usage: 751 MB



