
****** PlanAhead v14.7 (64-bit)
  **** Build 321239 by xbuild on Fri Sep 27 19:24:36 MDT 2013
    ** Copyright 1986-1999, 2001-2013 Xilinx, Inc. All Rights Reserved.

INFO: [Common 17-78] Attempting to get a license: PlanAhead
INFO: [Common 17-290] Got license for PlanAhead
INFO: [Device 21-36] Loading parts and site information from /opt/Xilinx/14.7/ISE_DS/PlanAhead/data/parts/arch.xml
Parsing RTL primitives file [/opt/Xilinx/14.7/ISE_DS/PlanAhead/data/parts/xilinx/rtl/prims/rtl_prims.xml]
Finished parsing RTL primitives file [/opt/Xilinx/14.7/ISE_DS/PlanAhead/data/parts/xilinx/rtl/prims/rtl_prims.xml]
start_gui
source /home/siddharth/Desktop/COA/Assignment_3/Assignment3_CLA/pa.fromNetlist.tcl
# create_project -name Assignment3_CLA -dir "/home/siddharth/Desktop/COA/Assignment_3/Assignment3_CLA/planAhead_run_1" -part xc7a100tcsg324-1
# set_property design_mode GateLvl [get_property srcset [current_run -impl]]
# set_property edif_top_file "/home/siddharth/Desktop/COA/Assignment_3/Assignment3_CLA/wrapper_CLA_16bit.ngc" [ get_property srcset [ current_run ] ]
# add_files -norecurse { {/home/siddharth/Desktop/COA/Assignment_3/Assignment3_CLA} }
# set_property target_constrs_file "timing.ucf" [current_fileset -constrset]
Adding file '/home/siddharth/Desktop/COA/Assignment_3/Assignment3_CLA/timing.ucf' to fileset 'constrs_1'
# add_files [list {timing.ucf}] -fileset [get_property constrset [current_run]]
# link_design
Design is defaulting to srcset: sources_1
Design is defaulting to constrset: constrs_1
Design is defaulting to project part: xc7a100tcsg324-1
Release 14.7 - ngc2edif P.20131013 (lin64)
Copyright (c) 1995-2013 Xilinx, Inc.  All rights reserved.

Release 14.7 - ngc2edif P.20131013 (lin64)
Copyright (c) 1995-2013 Xilinx, Inc.  All rights reserved.
Reading design wrapper_CLA_16bit.ngc ...
WARNING:NetListWriters:298 - No output is written to wrapper_CLA_16bit.xncf,
   ignored.
Processing design ...
   Preping design's networks ...
   Preping design's macros ...
  finished :Prep
Writing EDIF netlist file wrapper_CLA_16bit.edif ...
ngc2edif: Total memory usage is 92200 kilobytes

Parsing EDIF File [./planAhead_run_1/Assignment3_CLA.data/cache/wrapper_CLA_16bit_ngc_4b7a32.edif]
Finished Parsing EDIF File [./planAhead_run_1/Assignment3_CLA.data/cache/wrapper_CLA_16bit_ngc_4b7a32.edif]
INFO: [Netlist 29-17] Analyzing 58 Unisim elements for replacement
INFO: [Netlist 29-28] Unisim Transformation completed in 0 CPU seconds
Loading clock regions from /opt/Xilinx/14.7/ISE_DS/PlanAhead/data/parts/xilinx/artix7/artix7/xc7a100t/ClockRegion.xml
Loading clock buffers from /opt/Xilinx/14.7/ISE_DS/PlanAhead/data/parts/xilinx/artix7/artix7/xc7a100t/ClockBuffers.xml
Loading clock placement rules from /opt/Xilinx/14.7/ISE_DS/PlanAhead/data/parts/xilinx/artix7/ClockPlacerRules.xml
Loading package pin functions from /opt/Xilinx/14.7/ISE_DS/PlanAhead/data/parts/xilinx/artix7/PinFunctions.xml...
Loading package from /opt/Xilinx/14.7/ISE_DS/PlanAhead/data/parts/xilinx/artix7/artix7/xc7a100t/csg324/Package.xml
Loading io standards from /opt/Xilinx/14.7/ISE_DS/PlanAhead/data/./parts/xilinx/artix7/IOStandards.xml
Loading device configuration modes from /opt/Xilinx/14.7/ISE_DS/PlanAhead/data/parts/xilinx/artix7/ConfigModes.xml
Loading list of drcs for the architecture : /opt/Xilinx/14.7/ISE_DS/PlanAhead/data/./parts/xilinx/artix7/drc.xml
Parsing UCF File [/home/siddharth/Desktop/COA/Assignment_3/Assignment3_CLA/timing.ucf]
Finished Parsing UCF File [/home/siddharth/Desktop/COA/Assignment_3/Assignment3_CLA/timing.ucf]
INFO: [Project 1-111] Unisim Transformation Summary:
  A total of 58 instances were transformed.
  BUFGP => BUFGP (IBUF, BUFG): 1 instances
  FDR => FDRE: 57 instances

Phase 0 | Netlist Checksum: 6226b9a8
link_design: Time (s): cpu = 00:00:13 ; elapsed = 00:00:06 . Memory (MB): peak = 3099.645 ; gain = 331.262
exit
ERROR: [Common 17-39] 'stop_gui' failed due to earlier errors.
INFO: [Common 17-206] Exiting PlanAhead at Wed Aug 31 01:54:48 2022...
INFO: [Common 17-83] Releasing license: PlanAhead
